2014-06-29 19:38:28,023 [Worker-3] INFO  c.n.h.c.p.n.NettyAsyncHttpProvider - Number of application's worked threads is 16
2014-06-29 19:38:28,289 [Worker-2] INFO  o.e.m.c.i.i.nexus.NexusIndexManager - Updating index for repository: central|http://repo.maven.apache.org/maven2
2014-06-29 19:38:28,304 [Worker-2] INFO  c.n.h.c.p.n.NettyAsyncHttpProvider - Number of application's worked threads is 16
2014-06-29 19:38:28,570 [New I/O client worker #1-1] INFO  o.e.m.c.i.e.AbstractTransferListenerAdapter - Downloaded http://repo.maven.apache.org/maven2/org/icefaces/icefaces/1.8.0/icefaces-1.8.0.jar
2014-06-29 19:38:28,679 [Worker-3] INFO  c.n.h.c.p.n.NettyAsyncHttpProvider - Number of application's worked threads is 16
2014-06-29 19:38:29,039 [New I/O client worker #3-1] INFO  o.e.m.c.i.e.AbstractTransferListenerAdapter - Downloading http://repo.maven.apache.org/maven2/org/apache/maven/plugins/maven-clean-plugin/2.4.1/maven-clean-plugin-2.4.1.pom
2014-06-29 19:38:29,039 [New I/O client worker #3-1] INFO  o.e.m.c.i.e.AbstractTransferListenerAdapter - Downloaded http://repo.maven.apache.org/maven2/org/apache/maven/plugins/maven-clean-plugin/2.4.1/maven-clean-plugin-2.4.1.pom
2014-06-29 19:38:29,257 [Worker-3] INFO  c.n.h.c.p.n.NettyAsyncHttpProvider - Number of application's worked threads is 16
2014-06-29 19:38:29,601 [New I/O client worker #4-1] INFO  o.e.m.c.i.e.AbstractTransferListenerAdapter - Downloading http://repo.maven.apache.org/maven2/org/apache/maven/plugins/maven-plugins/18/maven-plugins-18.pom
2014-06-29 19:38:29,617 [New I/O client worker #4-1] INFO  o.e.m.c.i.e.AbstractTransferListenerAdapter - Downloaded http://repo.maven.apache.org/maven2/org/apache/maven/plugins/maven-plugins/18/maven-plugins-18.pom
2014-06-29 19:38:29,820 [Worker-3] INFO  c.n.h.c.p.n.NettyAsyncHttpProvider - Number of application's worked threads is 16
2014-06-29 19:38:30,179 [New I/O client worker #5-1] INFO  o.e.m.c.i.e.AbstractTransferListenerAdapter - Downloading http://repo.maven.apache.org/maven2/org/apache/maven/maven-parent/16/maven-parent-16.pom
2014-06-29 19:38:30,367 [New I/O client worker #5-1] INFO  o.e.m.c.i.e.AbstractTransferListenerAdapter - Downloaded http://repo.maven.apache.org/maven2/org/apache/maven/maven-parent/16/maven-parent-16.pom
2014-06-29 19:38:30,586 [Worker-3] INFO  c.n.h.c.p.n.NettyAsyncHttpProvider - Number of application's worked threads is 16
2014-06-29 19:38:31,008 [New I/O client worker #6-1] INFO  o.e.m.c.i.e.AbstractTransferListenerAdapter - Downloading http://repo.maven.apache.org/maven2/org/apache/apache/7/apache-7.pom
2014-06-29 19:38:31,211 [New I/O client worker #6-1] INFO  o.e.m.c.i.e.AbstractTransferListenerAdapter - Downloaded http://repo.maven.apache.org/maven2/org/apache/apache/7/apache-7.pom
2014-06-29 19:38:31,508 [Worker-3] INFO  c.n.h.c.p.n.NettyAsyncHttpProvider - Number of application's worked threads is 16
2014-06-29 19:38:31,867 [New I/O client worker #7-1] INFO  o.e.m.c.i.e.AbstractTransferListenerAdapter - Downloading http://repo.maven.apache.org/maven2/org/apache/maven/plugins/maven-clean-plugin/2.4.1/maven-clean-plugin-2.4.1.jar
2014-06-29 19:38:32,070 [New I/O client worker #7-1] INFO  o.e.m.c.i.e.AbstractTransferListenerAdapter - Downloaded http://repo.maven.apache.org/maven2/org/apache/maven/plugins/maven-clean-plugin/2.4.1/maven-clean-plugin-2.4.1.jar
2014-06-29 19:38:32,914 [Worker-3] INFO  c.n.h.c.p.n.NettyAsyncHttpProvider - Number of application's worked threads is 16
2014-06-29 19:38:33,350 [New I/O client worker #8-1] INFO  o.e.m.c.i.e.AbstractTransferListenerAdapter - Downloading http://repo.maven.apache.org/maven2/org/apache/maven/plugins/maven-install-plugin/2.3.1/maven-install-plugin-2.3.1.pom
2014-06-29 19:38:33,350 [New I/O client worker #8-1] INFO  o.e.m.c.i.e.AbstractTransferListenerAdapter - Downloaded http://repo.maven.apache.org/maven2/org/apache/maven/plugins/maven-install-plugin/2.3.1/maven-install-plugin-2.3.1.pom
2014-06-29 19:38:33,600 [Worker-3] INFO  c.n.h.c.p.n.NettyAsyncHttpProvider - Number of application's worked threads is 16
2014-06-29 19:38:33,959 [New I/O client worker #9-1] INFO  o.e.m.c.i.e.AbstractTransferListenerAdapter - Downloading http://repo.maven.apache.org/maven2/org/apache/maven/plugins/maven-install-plugin/2.3.1/maven-install-plugin-2.3.1.jar
2014-06-29 19:38:34,178 [New I/O client worker #9-1] INFO  o.e.m.c.i.e.AbstractTransferListenerAdapter - Downloaded http://repo.maven.apache.org/maven2/org/apache/maven/plugins/maven-install-plugin/2.3.1/maven-install-plugin-2.3.1.jar
2014-06-29 19:38:34,647 [Worker-3] INFO  c.n.h.c.p.n.NettyAsyncHttpProvider - Number of application's worked threads is 16
2014-06-29 19:38:35,084 [New I/O client worker #10-1] INFO  o.e.m.c.i.e.AbstractTransferListenerAdapter - Downloading http://repo.maven.apache.org/maven2/org/apache/maven/maven-plugin-api/2.0.6/maven-plugin-api-2.0.6.pom
2014-06-29 19:38:35,100 [New I/O client worker #10-1] INFO  o.e.m.c.i.e.AbstractTransferListenerAdapter - Downloaded http://repo.maven.apache.org/maven2/org/apache/maven/maven-plugin-api/2.0.6/maven-plugin-api-2.0.6.pom
2014-06-29 19:38:35,334 [Worker-3] INFO  c.n.h.c.p.n.NettyAsyncHttpProvider - Number of application's worked threads is 16
2014-06-29 19:38:35,756 [New I/O client worker #11-1] INFO  o.e.m.c.i.e.AbstractTransferListenerAdapter - Downloading http://repo.maven.apache.org/maven2/org/apache/maven/maven/2.0.6/maven-2.0.6.pom
2014-06-29 19:38:35,772 [New I/O client worker #11-1] INFO  o.e.m.c.i.e.AbstractTransferListenerAdapter - Downloaded http://repo.maven.apache.org/maven2/org/apache/maven/maven/2.0.6/maven-2.0.6.pom
2014-06-29 19:38:36,002 [Worker-3] INFO  c.n.h.c.p.n.NettyAsyncHttpProvider - Number of application's worked threads is 16
2014-06-29 19:38:36,362 [New I/O client worker #12-1] INFO  o.e.m.c.i.e.AbstractTransferListenerAdapter - Downloading http://repo.maven.apache.org/maven2/org/apache/maven/maven-parent/5/maven-parent-5.pom
2014-06-29 19:38:36,542 [New I/O client worker #12-1] INFO  o.e.m.c.i.e.AbstractTransferListenerAdapter - Downloaded http://repo.maven.apache.org/maven2/org/apache/maven/maven-parent/5/maven-parent-5.pom
2014-06-29 19:38:36,752 [Worker-3] INFO  c.n.h.c.p.n.NettyAsyncHttpProvider - Number of application's worked threads is 16
2014-06-29 19:38:37,183 [New I/O client worker #13-1] INFO  o.e.m.c.i.e.AbstractTransferListenerAdapter - Downloading http://repo.maven.apache.org/maven2/org/apache/apache/3/apache-3.pom
2014-06-29 19:38:37,183 [New I/O client worker #13-1] INFO  o.e.m.c.i.e.AbstractTransferListenerAdapter - Downloaded http://repo.maven.apache.org/maven2/org/apache/apache/3/apache-3.pom
2014-06-29 19:38:37,414 [Worker-3] INFO  c.n.h.c.p.n.NettyAsyncHttpProvider - Number of application's worked threads is 16
2014-06-29 19:38:37,851 [New I/O client worker #14-1] INFO  o.e.m.c.i.e.AbstractTransferListenerAdapter - Downloading http://repo.maven.apache.org/maven2/org/apache/maven/maven-project/2.0.6/maven-project-2.0.6.pom
2014-06-29 19:38:37,851 [New I/O client worker #14-1] INFO  o.e.m.c.i.e.AbstractTransferListenerAdapter - Downloaded http://repo.maven.apache.org/maven2/org/apache/maven/maven-project/2.0.6/maven-project-2.0.6.pom
2014-06-29 19:38:38,117 [Worker-3] INFO  c.n.h.c.p.n.NettyAsyncHttpProvider - Number of application's worked threads is 16
2014-06-29 19:38:38,476 [New I/O client worker #15-1] INFO  o.e.m.c.i.e.AbstractTransferListenerAdapter - Downloading http://repo.maven.apache.org/maven2/org/apache/maven/maven-settings/2.0.6/maven-settings-2.0.6.pom
2014-06-29 19:38:38,476 [New I/O client worker #15-1] INFO  o.e.m.c.i.e.AbstractTransferListenerAdapter - Downloaded http://repo.maven.apache.org/maven2/org/apache/maven/maven-settings/2.0.6/maven-settings-2.0.6.pom
2014-06-29 19:38:38,695 [Worker-3] INFO  c.n.h.c.p.n.NettyAsyncHttpProvider - Number of application's worked threads is 16
2014-06-29 19:38:39,133 [New I/O client worker #16-1] INFO  o.e.m.c.i.e.AbstractTransferListenerAdapter - Downloading http://repo.maven.apache.org/maven2/org/apache/maven/maven-model/2.0.6/maven-model-2.0.6.pom
2014-06-29 19:38:39,133 [New I/O client worker #16-1] INFO  o.e.m.c.i.e.AbstractTransferListenerAdapter - Downloaded http://repo.maven.apache.org/maven2/org/apache/maven/maven-model/2.0.6/maven-model-2.0.6.pom
2014-06-29 19:38:39,383 [Worker-3] INFO  c.n.h.c.p.n.NettyAsyncHttpProvider - Number of application's worked threads is 16
2014-06-29 19:38:39,804 [New I/O client worker #17-1] INFO  o.e.m.c.i.e.AbstractTransferListenerAdapter - Downloading http://repo.maven.apache.org/maven2/org/codehaus/plexus/plexus-utils/1.4.1/plexus-utils-1.4.1.pom
2014-06-29 19:38:39,804 [New I/O client worker #17-1] INFO  o.e.m.c.i.e.AbstractTransferListenerAdapter - Downloaded http://repo.maven.apache.org/maven2/org/codehaus/plexus/plexus-utils/1.4.1/plexus-utils-1.4.1.pom
2014-06-29 19:38:40,039 [Worker-3] INFO  c.n.h.c.p.n.NettyAsyncHttpProvider - Number of application's worked threads is 16
2014-06-29 19:38:40,476 [New I/O client worker #18-1] INFO  o.e.m.c.i.e.AbstractTransferListenerAdapter - Downloading http://repo.maven.apache.org/maven2/org/codehaus/plexus/plexus/1.0.11/plexus-1.0.11.pom
2014-06-29 19:38:40,476 [New I/O client worker #18-1] INFO  o.e.m.c.i.e.AbstractTransferListenerAdapter - Downloaded http://repo.maven.apache.org/maven2/org/codehaus/plexus/plexus/1.0.11/plexus-1.0.11.pom
2014-06-29 19:38:40,726 [Worker-3] INFO  c.n.h.c.p.n.NettyAsyncHttpProvider - Number of application's worked threads is 16
2014-06-29 19:38:41,086 [New I/O client worker #19-1] INFO  o.e.m.c.i.e.AbstractTransferListenerAdapter - Downloading http://repo.maven.apache.org/maven2/org/codehaus/plexus/plexus-container-default/1.0-alpha-9-stable-1/plexus-container-default-1.0-alpha-9-stable-1.pom
2014-06-29 19:38:41,086 [New I/O client worker #19-1] INFO  o.e.m.c.i.e.AbstractTransferListenerAdapter - Downloaded http://repo.maven.apache.org/maven2/org/codehaus/plexus/plexus-container-default/1.0-alpha-9-stable-1/plexus-container-default-1.0-alpha-9-stable-1.pom
2014-06-29 19:38:41,289 [Worker-3] INFO  c.n.h.c.p.n.NettyAsyncHttpProvider - Number of application's worked threads is 16
2014-06-29 19:38:41,711 [New I/O client worker #20-1] INFO  o.e.m.c.i.e.AbstractTransferListenerAdapter - Downloading http://repo.maven.apache.org/maven2/org/codehaus/plexus/plexus-containers/1.0.3/plexus-containers-1.0.3.pom
2014-06-29 19:38:41,711 [New I/O client worker #20-1] INFO  o.e.m.c.i.e.AbstractTransferListenerAdapter - Downloaded http://repo.maven.apache.org/maven2/org/codehaus/plexus/plexus-containers/1.0.3/plexus-containers-1.0.3.pom
2014-06-29 19:38:41,961 [Worker-3] INFO  c.n.h.c.p.n.NettyAsyncHttpProvider - Number of application's worked threads is 16
2014-06-29 19:38:42,305 [New I/O client worker #21-1] INFO  o.e.m.c.i.e.AbstractTransferListenerAdapter - Downloading http://repo.maven.apache.org/maven2/org/codehaus/plexus/plexus/1.0.4/plexus-1.0.4.pom
2014-06-29 19:38:42,305 [New I/O client worker #21-1] INFO  o.e.m.c.i.e.AbstractTransferListenerAdapter - Downloaded http://repo.maven.apache.org/maven2/org/codehaus/plexus/plexus/1.0.4/plexus-1.0.4.pom
2014-06-29 19:38:42,523 [Worker-3] INFO  c.n.h.c.p.n.NettyAsyncHttpProvider - Number of application's worked threads is 16
2014-06-29 19:38:42,867 [New I/O client worker #22-1] INFO  o.e.m.c.i.e.AbstractTransferListenerAdapter - Downloading http://repo.maven.apache.org/maven2/junit/junit/3.8.1/junit-3.8.1.pom
2014-06-29 19:38:42,883 [New I/O client worker #22-1] INFO  o.e.m.c.i.e.AbstractTransferListenerAdapter - Downloaded http://repo.maven.apache.org/maven2/junit/junit/3.8.1/junit-3.8.1.pom
2014-06-29 19:38:43,101 [Worker-3] INFO  c.n.h.c.p.n.NettyAsyncHttpProvider - Number of application's worked threads is 16
2014-06-29 19:38:43,523 [New I/O client worker #23-1] INFO  o.e.m.c.i.e.AbstractTransferListenerAdapter - Downloading http://repo.maven.apache.org/maven2/org/codehaus/plexus/plexus-utils/1.0.4/plexus-utils-1.0.4.pom
2014-06-29 19:38:43,523 [New I/O client worker #23-1] INFO  o.e.m.c.i.e.AbstractTransferListenerAdapter - Downloaded http://repo.maven.apache.org/maven2/org/codehaus/plexus/plexus-utils/1.0.4/plexus-utils-1.0.4.pom
2014-06-29 19:38:43,789 [Worker-3] INFO  c.n.h.c.p.n.NettyAsyncHttpProvider - Number of application's worked threads is 16
2014-06-29 19:38:44,211 [New I/O client worker #24-1] INFO  o.e.m.c.i.e.AbstractTransferListenerAdapter - Downloading http://repo.maven.apache.org/maven2/classworlds/classworlds/1.1-alpha-2/classworlds-1.1-alpha-2.pom
2014-06-29 19:38:44,227 [New I/O client worker #24-1] INFO  o.e.m.c.i.e.AbstractTransferListenerAdapter - Downloaded http://repo.maven.apache.org/maven2/classworlds/classworlds/1.1-alpha-2/classworlds-1.1-alpha-2.pom
2014-06-29 19:38:44,461 [Worker-3] INFO  c.n.h.c.p.n.NettyAsyncHttpProvider - Number of application's worked threads is 16
2014-06-29 19:38:44,883 [New I/O client worker #25-1] INFO  o.e.m.c.i.e.AbstractTransferListenerAdapter - Downloading http://repo.maven.apache.org/maven2/org/apache/maven/maven-profile/2.0.6/maven-profile-2.0.6.pom
2014-06-29 19:38:44,883 [New I/O client worker #25-1] INFO  o.e.m.c.i.e.AbstractTransferListenerAdapter - Downloaded http://repo.maven.apache.org/maven2/org/apache/maven/maven-profile/2.0.6/maven-profile-2.0.6.pom
2014-06-29 19:38:45,117 [Worker-3] INFO  c.n.h.c.p.n.NettyAsyncHttpProvider - Number of application's worked threads is 16
2014-06-29 19:38:45,492 [New I/O client worker #26-1] INFO  o.e.m.c.i.e.AbstractTransferListenerAdapter - Downloading http://repo.maven.apache.org/maven2/org/apache/maven/maven-artifact-manager/2.0.6/maven-artifact-manager-2.0.6.pom
2014-06-29 19:38:45,492 [New I/O client worker #26-1] INFO  o.e.m.c.i.e.AbstractTransferListenerAdapter - Downloaded http://repo.maven.apache.org/maven2/org/apache/maven/maven-artifact-manager/2.0.6/maven-artifact-manager-2.0.6.pom
2014-06-29 19:38:45,711 [Worker-3] INFO  c.n.h.c.p.n.NettyAsyncHttpProvider - Number of application's worked threads is 16
2014-06-29 19:38:46,144 [New I/O client worker #27-1] INFO  o.e.m.c.i.e.AbstractTransferListenerAdapter - Downloading http://repo.maven.apache.org/maven2/org/apache/maven/maven-repository-metadata/2.0.6/maven-repository-metadata-2.0.6.pom
2014-06-29 19:38:46,144 [New I/O client worker #27-1] INFO  o.e.m.c.i.e.AbstractTransferListenerAdapter - Downloaded http://repo.maven.apache.org/maven2/org/apache/maven/maven-repository-metadata/2.0.6/maven-repository-metadata-2.0.6.pom
2014-06-29 19:38:46,404 [Worker-3] INFO  c.n.h.c.p.n.NettyAsyncHttpProvider - Number of application's worked threads is 16
2014-06-29 19:38:46,834 [New I/O client worker #28-1] INFO  o.e.m.c.i.e.AbstractTransferListenerAdapter - Downloading http://repo.maven.apache.org/maven2/org/apache/maven/maven-artifact/2.0.6/maven-artifact-2.0.6.pom
2014-06-29 19:38:46,834 [New I/O client worker #28-1] INFO  o.e.m.c.i.e.AbstractTransferListenerAdapter - Downloaded http://repo.maven.apache.org/maven2/org/apache/maven/maven-artifact/2.0.6/maven-artifact-2.0.6.pom
2014-06-29 19:38:47,074 [Worker-3] INFO  c.n.h.c.p.n.NettyAsyncHttpProvider - Number of application's worked threads is 16
2014-06-29 19:38:47,428 [New I/O client worker #29-1] INFO  o.e.m.c.i.e.AbstractTransferListenerAdapter - Downloading http://repo.maven.apache.org/maven2/org/apache/maven/maven-plugin-registry/2.0.6/maven-plugin-registry-2.0.6.pom
2014-06-29 19:38:47,444 [New I/O client worker #29-1] INFO  o.e.m.c.i.e.AbstractTransferListenerAdapter - Downloaded http://repo.maven.apache.org/maven2/org/apache/maven/maven-plugin-registry/2.0.6/maven-plugin-registry-2.0.6.pom
2014-06-29 19:38:47,647 [Worker-3] INFO  c.n.h.c.p.n.NettyAsyncHttpProvider - Number of application's worked threads is 16
2014-06-29 19:38:48,006 [New I/O client worker #30-1] INFO  o.e.m.c.i.e.AbstractTransferListenerAdapter - Downloading http://repo.maven.apache.org/maven2/org/codehaus/plexus/plexus-utils/2.0.5/plexus-utils-2.0.5.pom
2014-06-29 19:38:48,006 [New I/O client worker #30-1] INFO  o.e.m.c.i.e.AbstractTransferListenerAdapter - Downloaded http://repo.maven.apache.org/maven2/org/codehaus/plexus/plexus-utils/2.0.5/plexus-utils-2.0.5.pom
2014-06-29 19:38:48,209 [Worker-3] INFO  c.n.h.c.p.n.NettyAsyncHttpProvider - Number of application's worked threads is 16
2014-06-29 19:38:48,553 [New I/O client worker #31-1] INFO  o.e.m.c.i.e.AbstractTransferListenerAdapter - Downloading http://repo.maven.apache.org/maven2/org/codehaus/plexus/plexus/2.0.6/plexus-2.0.6.pom
2014-06-29 19:38:48,725 [New I/O client worker #31-1] INFO  o.e.m.c.i.e.AbstractTransferListenerAdapter - Downloaded http://repo.maven.apache.org/maven2/org/codehaus/plexus/plexus/2.0.6/plexus-2.0.6.pom
2014-06-29 19:38:48,928 [Worker-3] INFO  c.n.h.c.p.n.NettyAsyncHttpProvider - Number of application's worked threads is 16
2014-06-29 19:38:49,288 [New I/O client worker #32-1] INFO  o.e.m.c.i.e.AbstractTransferListenerAdapter - Downloading http://repo.maven.apache.org/maven2/org/codehaus/plexus/plexus-digest/1.0/plexus-digest-1.0.pom
2014-06-29 19:38:49,288 [New I/O client worker #32-1] INFO  o.e.m.c.i.e.AbstractTransferListenerAdapter - Downloaded http://repo.maven.apache.org/maven2/org/codehaus/plexus/plexus-digest/1.0/plexus-digest-1.0.pom
2014-06-29 19:38:49,491 [Worker-3] INFO  c.n.h.c.p.n.NettyAsyncHttpProvider - Number of application's worked threads is 16
2014-06-29 19:38:49,913 [New I/O client worker #33-1] INFO  o.e.m.c.i.e.AbstractTransferListenerAdapter - Downloading http://repo.maven.apache.org/maven2/org/codehaus/plexus/plexus-components/1.1.7/plexus-components-1.1.7.pom
2014-06-29 19:38:49,928 [New I/O client worker #33-1] INFO  o.e.m.c.i.e.AbstractTransferListenerAdapter - Downloaded http://repo.maven.apache.org/maven2/org/codehaus/plexus/plexus-components/1.1.7/plexus-components-1.1.7.pom
2014-06-29 19:38:50,163 [Worker-3] INFO  c.n.h.c.p.n.NettyAsyncHttpProvider - Number of application's worked threads is 16
2014-06-29 19:38:50,522 [New I/O client worker #34-1] INFO  o.e.m.c.i.e.AbstractTransferListenerAdapter - Downloading http://repo.maven.apache.org/maven2/org/codehaus/plexus/plexus/1.0.8/plexus-1.0.8.pom
2014-06-29 19:38:50,538 [New I/O client worker #34-1] INFO  o.e.m.c.i.e.AbstractTransferListenerAdapter - Downloaded http://repo.maven.apache.org/maven2/org/codehaus/plexus/plexus/1.0.8/plexus-1.0.8.pom
2014-06-29 19:38:50,741 [Worker-3] INFO  c.n.h.c.p.n.NettyAsyncHttpProvider - Number of application's worked threads is 16
2014-06-29 19:38:51,178 [New I/O client worker #35-1] INFO  o.e.m.c.i.e.AbstractTransferListenerAdapter - Downloading http://repo.maven.apache.org/maven2/org/codehaus/plexus/plexus-container-default/1.0-alpha-8/plexus-container-default-1.0-alpha-8.pom
2014-06-29 19:38:51,178 [New I/O client worker #35-1] INFO  o.e.m.c.i.e.AbstractTransferListenerAdapter - Downloaded http://repo.maven.apache.org/maven2/org/codehaus/plexus/plexus-container-default/1.0-alpha-8/plexus-container-default-1.0-alpha-8.pom
2014-06-29 19:38:51,741 [Worker-3] INFO  c.n.h.c.p.n.NettyAsyncHttpProvider - Number of application's worked threads is 16
2014-06-29 19:38:52,100 [New I/O client worker #36-1] INFO  o.e.m.c.i.e.AbstractTransferListenerAdapter - Downloading http://repo.maven.apache.org/maven2/junit/junit/3.8.1/junit-3.8.1.jar
2014-06-29 19:38:52,100 [New I/O client worker #36-3] INFO  o.e.m.c.i.e.AbstractTransferListenerAdapter - Downloading http://repo.maven.apache.org/maven2/org/codehaus/plexus/plexus-digest/1.0/plexus-digest-1.0.jar
2014-06-29 19:38:52,116 [New I/O client worker #36-3] INFO  o.e.m.c.i.e.AbstractTransferListenerAdapter - Downloaded http://repo.maven.apache.org/maven2/org/codehaus/plexus/plexus-digest/1.0/plexus-digest-1.0.jar
2014-06-29 19:38:52,163 [New I/O client worker #36-2] INFO  o.e.m.c.i.e.AbstractTransferListenerAdapter - Downloading http://repo.maven.apache.org/maven2/org/codehaus/plexus/plexus-utils/2.0.5/plexus-utils-2.0.5.jar
2014-06-29 19:38:53,147 [New I/O client worker #36-1] INFO  o.e.m.c.i.e.AbstractTransferListenerAdapter - Downloaded http://repo.maven.apache.org/maven2/junit/junit/3.8.1/junit-3.8.1.jar
2014-06-29 19:38:55,725 [New I/O client worker #36-2] INFO  o.e.m.c.i.e.AbstractTransferListenerAdapter - Downloaded http://repo.maven.apache.org/maven2/org/codehaus/plexus/plexus-utils/2.0.5/plexus-utils-2.0.5.jar
2014-06-29 19:38:56,608 [Worker-3] INFO  o.e.m.c.i.embedder.EclipseLogger - Installing E:\SOFT\MyEclipse\plugins\com.genuitec.eclipse.icefaces_11.0.0.me201303121759\data\1.8.0\ICEfaces\icefaces.jar to C:\Users\Risky\.m2\repository\org\icefaces\icefaces\1.8.0\icefaces-1.8.0.jar
2014-06-29 19:38:56,798 [Worker-3] INFO  o.e.m.c.i.embedder.EclipseLogger - Installing C:\Users\Risky\AppData\Local\Temp\mvninstall2549227828914698835.pom to C:\Users\Risky\.m2\repository\org\icefaces\icefaces\1.8.0\icefaces-1.8.0.pom
2014-06-29 19:38:56,818 [Worker-3] INFO  c.n.h.c.p.n.NettyAsyncHttpProvider - Number of application's worked threads is 16
2014-06-29 19:38:57,178 [New I/O client worker #37-1] INFO  o.e.m.c.i.e.AbstractTransferListenerAdapter - Downloaded http://repo.maven.apache.org/maven2/org/icefaces/icefaces/1.7.2/icefaces-1.7.2.jar
2014-06-29 19:38:57,188 [Worker-3] INFO  o.e.m.c.i.embedder.EclipseLogger - Installing E:\SOFT\MyEclipse\plugins\com.genuitec.eclipse.icefaces_11.0.0.me201303121759\data\1.7.2\ICEfaces\icefaces.jar to C:\Users\Risky\.m2\repository\org\icefaces\icefaces\1.7.2\icefaces-1.7.2.jar
2014-06-29 19:38:57,430 [Worker-3] INFO  o.e.m.c.i.embedder.EclipseLogger - Installing C:\Users\Risky\AppData\Local\Temp\mvninstall8986067469307080388.pom to C:\Users\Risky\.m2\repository\org\icefaces\icefaces\1.7.2\icefaces-1.7.2.pom
2014-06-29 19:38:57,445 [Worker-3] INFO  c.n.h.c.p.n.NettyAsyncHttpProvider - Number of application's worked threads is 16
2014-06-29 19:38:57,883 [New I/O client worker #38-1] INFO  o.e.m.c.i.e.AbstractTransferListenerAdapter - Downloaded http://repo.maven.apache.org/maven2/org/icefaces/icefaces/1.7.1/icefaces-1.7.1.jar
2014-06-29 19:38:57,883 [Worker-3] INFO  o.e.m.c.i.embedder.EclipseLogger - Installing E:\SOFT\MyEclipse\plugins\com.genuitec.eclipse.icefaces_11.0.0.me201303121759\data\1.7.1\ICEfaces\icefaces.jar to C:\Users\Risky\.m2\repository\org\icefaces\icefaces\1.7.1\icefaces-1.7.1.jar
2014-06-29 19:38:58,023 [Worker-3] INFO  o.e.m.c.i.embedder.EclipseLogger - Installing C:\Users\Risky\AppData\Local\Temp\mvninstall9162305626137275880.pom to C:\Users\Risky\.m2\repository\org\icefaces\icefaces\1.7.1\icefaces-1.7.1.pom
2014-06-29 19:38:58,039 [Worker-3] INFO  c.n.h.c.p.n.NettyAsyncHttpProvider - Number of application's worked threads is 16
2014-06-29 19:38:58,461 [New I/O client worker #39-1] INFO  o.e.m.c.i.e.AbstractTransferListenerAdapter - Downloaded http://repo.maven.apache.org/maven2/org/icefaces/icefaces/1.7.0/icefaces-1.7.0.jar
2014-06-29 19:38:58,492 [Worker-3] INFO  o.e.m.c.i.embedder.EclipseLogger - Installing E:\SOFT\MyEclipse\plugins\com.genuitec.eclipse.icefaces_11.0.0.me201303121759\data\1.7.0\ICEfaces\icefaces.jar to C:\Users\Risky\.m2\repository\org\icefaces\icefaces\1.7.0\icefaces-1.7.0.jar
2014-06-29 19:38:58,633 [Worker-3] INFO  o.e.m.c.i.embedder.EclipseLogger - Installing C:\Users\Risky\AppData\Local\Temp\mvninstall8228556283028333193.pom to C:\Users\Risky\.m2\repository\org\icefaces\icefaces\1.7.0\icefaces-1.7.0.pom
2014-06-29 19:38:58,648 [Worker-3] INFO  c.n.h.c.p.n.NettyAsyncHttpProvider - Number of application's worked threads is 16
2014-06-29 19:38:59,023 [New I/O client worker #40-1] INFO  o.e.m.c.i.e.AbstractTransferListenerAdapter - Downloaded http://repo.maven.apache.org/maven2/org/icefaces/icefaces/1.6.2/icefaces-1.6.2.jar
2014-06-29 19:38:59,039 [Worker-3] INFO  o.e.m.c.i.embedder.EclipseLogger - Installing E:\SOFT\MyEclipse\plugins\com.genuitec.eclipse.icefaces_11.0.0.me201303121759\data\1.6.2\ICEfaces\icefaces.jar to C:\Users\Risky\.m2\repository\org\icefaces\icefaces\1.6.2\icefaces-1.6.2.jar
2014-06-29 19:38:59,164 [Worker-3] INFO  o.e.m.c.i.embedder.EclipseLogger - Installing C:\Users\Risky\AppData\Local\Temp\mvninstall6982306238756287802.pom to C:\Users\Risky\.m2\repository\org\icefaces\icefaces\1.6.2\icefaces-1.6.2.pom
2014-06-29 19:38:59,180 [Worker-3] INFO  c.n.h.c.p.n.NettyAsyncHttpProvider - Number of application's worked threads is 16
2014-06-29 19:38:59,539 [New I/O client worker #41-1] INFO  o.e.m.c.i.e.AbstractTransferListenerAdapter - Downloaded http://repo.maven.apache.org/maven2/org/icefaces/icefaces/1.6.1/icefaces-1.6.1.jar
2014-06-29 19:38:59,570 [Worker-3] INFO  o.e.m.c.i.embedder.EclipseLogger - Installing E:\SOFT\MyEclipse\plugins\com.genuitec.eclipse.icefaces_11.0.0.me201303121759\data\1.6.1\ICEfaces\icefaces.jar to C:\Users\Risky\.m2\repository\org\icefaces\icefaces\1.6.1\icefaces-1.6.1.jar
2014-06-29 19:38:59,711 [Worker-3] INFO  o.e.m.c.i.embedder.EclipseLogger - Installing C:\Users\Risky\AppData\Local\Temp\mvninstall2179866788339221850.pom to C:\Users\Risky\.m2\repository\org\icefaces\icefaces\1.6.1\icefaces-1.6.1.pom
2014-06-29 19:38:59,727 [Worker-3] INFO  c.n.h.c.p.n.NettyAsyncHttpProvider - Number of application's worked threads is 16
2014-06-29 19:39:00,102 [New I/O client worker #42-1] INFO  o.e.m.c.i.e.AbstractTransferListenerAdapter - Downloaded http://repo.maven.apache.org/maven2/org/icepush/icepush/2.0.2/icepush-2.0.2.jar
2014-06-29 19:39:00,117 [Worker-3] INFO  o.e.m.c.i.embedder.EclipseLogger - Installing E:\SOFT\MyEclipse\plugins\com.genuitec.eclipse.icefaces_11.0.0.me201303121759\data\org.icepush\icepush\2.0\icepush.jar to C:\Users\Risky\.m2\repository\org\icepush\icepush\2.0.2\icepush-2.0.2.jar
2014-06-29 19:39:00,274 [Worker-3] INFO  o.e.m.c.i.embedder.EclipseLogger - Installing C:\Users\Risky\AppData\Local\Temp\mvninstall6454317836550643152.pom to C:\Users\Risky\.m2\repository\org\icepush\icepush\2.0.2\icepush-2.0.2.pom
2014-06-29 19:39:00,289 [Worker-3] INFO  c.n.h.c.p.n.NettyAsyncHttpProvider - Number of application's worked threads is 16
2014-06-29 19:39:00,649 [New I/O client worker #43-1] INFO  o.e.m.c.i.e.AbstractTransferListenerAdapter - Downloaded http://repo.maven.apache.org/maven2/org/icefaces/icefaces-comps/1.8.0/icefaces-comps-1.8.0.jar
2014-06-29 19:39:00,664 [Worker-3] INFO  o.e.m.c.i.embedder.EclipseLogger - Installing E:\SOFT\MyEclipse\plugins\com.genuitec.eclipse.icefaces_11.0.0.me201303121759\data\1.8.0\ICEfaces\icefaces-comps.jar to C:\Users\Risky\.m2\repository\org\icefaces\icefaces-comps\1.8.0\icefaces-comps-1.8.0.jar
2014-06-29 19:39:00,820 [Worker-3] INFO  o.e.m.c.i.embedder.EclipseLogger - Installing C:\Users\Risky\AppData\Local\Temp\mvninstall6736638629551920498.pom to C:\Users\Risky\.m2\repository\org\icefaces\icefaces-comps\1.8.0\icefaces-comps-1.8.0.pom
2014-06-29 19:39:00,836 [Worker-3] INFO  c.n.h.c.p.n.NettyAsyncHttpProvider - Number of application's worked threads is 16
2014-06-29 19:39:01,195 [New I/O client worker #44-1] INFO  o.e.m.c.i.e.AbstractTransferListenerAdapter - Downloaded http://repo.maven.apache.org/maven2/org/icefaces/icefaces-comps/1.7.2/icefaces-comps-1.7.2.jar
2014-06-29 19:39:01,211 [Worker-3] INFO  o.e.m.c.i.embedder.EclipseLogger - Installing E:\SOFT\MyEclipse\plugins\com.genuitec.eclipse.icefaces_11.0.0.me201303121759\data\1.7.2\ICEfaces\icefaces-comps.jar to C:\Users\Risky\.m2\repository\org\icefaces\icefaces-comps\1.7.2\icefaces-comps-1.7.2.jar
2014-06-29 19:39:01,539 [Worker-3] INFO  o.e.m.c.i.embedder.EclipseLogger - Installing C:\Users\Risky\AppData\Local\Temp\mvninstall9037366035630430174.pom to C:\Users\Risky\.m2\repository\org\icefaces\icefaces-comps\1.7.2\icefaces-comps-1.7.2.pom
2014-06-29 19:39:01,539 [Worker-3] INFO  c.n.h.c.p.n.NettyAsyncHttpProvider - Number of application's worked threads is 16
2014-06-29 19:39:01,914 [New I/O client worker #45-1] INFO  o.e.m.c.i.e.AbstractTransferListenerAdapter - Downloaded http://repo.maven.apache.org/maven2/org/icefaces/icefaces-comps/1.7.1/icefaces-comps-1.7.1.jar
2014-06-29 19:39:01,930 [Worker-3] INFO  o.e.m.c.i.embedder.EclipseLogger - Installing E:\SOFT\MyEclipse\plugins\com.genuitec.eclipse.icefaces_11.0.0.me201303121759\data\1.7.1\ICEfaces\icefaces-comps.jar to C:\Users\Risky\.m2\repository\org\icefaces\icefaces-comps\1.7.1\icefaces-comps-1.7.1.jar
2014-06-29 19:39:02,102 [Worker-3] INFO  o.e.m.c.i.embedder.EclipseLogger - Installing C:\Users\Risky\AppData\Local\Temp\mvninstall8582559640509863824.pom to C:\Users\Risky\.m2\repository\org\icefaces\icefaces-comps\1.7.1\icefaces-comps-1.7.1.pom
2014-06-29 19:39:02,117 [Worker-3] INFO  c.n.h.c.p.n.NettyAsyncHttpProvider - Number of application's worked threads is 16
2014-06-29 19:39:02,492 [New I/O client worker #46-1] INFO  o.e.m.c.i.e.AbstractTransferListenerAdapter - Downloaded http://repo.maven.apache.org/maven2/org/icefaces/icefaces-comps/1.7.0/icefaces-comps-1.7.0.jar
2014-06-29 19:39:02,508 [Worker-3] INFO  o.e.m.c.i.embedder.EclipseLogger - Installing E:\SOFT\MyEclipse\plugins\com.genuitec.eclipse.icefaces_11.0.0.me201303121759\data\1.7.0\ICEfaces\icefaces-comps.jar to C:\Users\Risky\.m2\repository\org\icefaces\icefaces-comps\1.7.0\icefaces-comps-1.7.0.jar
2014-06-29 19:39:02,914 [Worker-3] INFO  o.e.m.c.i.embedder.EclipseLogger - Installing C:\Users\Risky\AppData\Local\Temp\mvninstall7851220197359634518.pom to C:\Users\Risky\.m2\repository\org\icefaces\icefaces-comps\1.7.0\icefaces-comps-1.7.0.pom
2014-06-29 19:39:02,961 [Worker-3] INFO  c.n.h.c.p.n.NettyAsyncHttpProvider - Number of application's worked threads is 16
2014-06-29 19:39:03,321 [New I/O client worker #47-1] INFO  o.e.m.c.i.e.AbstractTransferListenerAdapter - Downloaded http://repo.maven.apache.org/maven2/org/icefaces/icefaces-comps/1.6.2/icefaces-comps-1.6.2.jar
2014-06-29 19:39:03,336 [Worker-3] INFO  o.e.m.c.i.embedder.EclipseLogger - Installing E:\SOFT\MyEclipse\plugins\com.genuitec.eclipse.icefaces_11.0.0.me201303121759\data\1.6.2\ICEfaces\icefaces-comps.jar to C:\Users\Risky\.m2\repository\org\icefaces\icefaces-comps\1.6.2\icefaces-comps-1.6.2.jar
2014-06-29 19:39:03,477 [Worker-3] INFO  o.e.m.c.i.embedder.EclipseLogger - Installing C:\Users\Risky\AppData\Local\Temp\mvninstall1763815082346136791.pom to C:\Users\Risky\.m2\repository\org\icefaces\icefaces-comps\1.6.2\icefaces-comps-1.6.2.pom
2014-06-29 19:39:03,477 [Worker-3] INFO  c.n.h.c.p.n.NettyAsyncHttpProvider - Number of application's worked threads is 16
2014-06-29 19:39:03,852 [New I/O client worker #48-1] INFO  o.e.m.c.i.e.AbstractTransferListenerAdapter - Downloaded http://repo.maven.apache.org/maven2/org/icefaces/icefaces-comps/1.6.1/icefaces-comps-1.6.1.jar
2014-06-29 19:39:03,867 [Worker-3] INFO  o.e.m.c.i.embedder.EclipseLogger - Installing E:\SOFT\MyEclipse\plugins\com.genuitec.eclipse.icefaces_11.0.0.me201303121759\data\1.6.1\ICEfaces\icefaces-comps.jar to C:\Users\Risky\.m2\repository\org\icefaces\icefaces-comps\1.6.1\icefaces-comps-1.6.1.jar
2014-06-29 19:39:04,117 [Worker-3] INFO  o.e.m.c.i.embedder.EclipseLogger - Installing C:\Users\Risky\AppData\Local\Temp\mvninstall8601617389477911155.pom to C:\Users\Risky\.m2\repository\org\icefaces\icefaces-comps\1.6.1\icefaces-comps-1.6.1.pom
2014-06-29 19:39:04,133 [Worker-3] INFO  c.n.h.c.p.n.NettyAsyncHttpProvider - Number of application's worked threads is 16
2014-06-29 19:39:04,493 [New I/O client worker #49-1] INFO  o.e.m.c.i.e.AbstractTransferListenerAdapter - Downloaded http://repo.maven.apache.org/maven2/org/icefaces/icefaces-facelets/1.8.0/icefaces-facelets-1.8.0.jar
2014-06-29 19:39:04,508 [Worker-3] INFO  o.e.m.c.i.embedder.EclipseLogger - Installing E:\SOFT\MyEclipse\plugins\com.genuitec.eclipse.icefaces_11.0.0.me201303121759\data\1.8.0\ICEfaces-Facelets\icefaces-facelets.jar to C:\Users\Risky\.m2\repository\org\icefaces\icefaces-facelets\1.8.0\icefaces-facelets-1.8.0.jar
2014-06-29 19:39:04,664 [Worker-3] INFO  o.e.m.c.i.embedder.EclipseLogger - Installing C:\Users\Risky\AppData\Local\Temp\mvninstall8830006419781910734.pom to C:\Users\Risky\.m2\repository\org\icefaces\icefaces-facelets\1.8.0\icefaces-facelets-1.8.0.pom
2014-06-29 19:39:04,680 [Worker-3] INFO  c.n.h.c.p.n.NettyAsyncHttpProvider - Number of application's worked threads is 16
2014-06-29 19:39:05,039 [New I/O client worker #50-1] INFO  o.e.m.c.i.e.AbstractTransferListenerAdapter - Downloaded http://repo.maven.apache.org/maven2/org/icefaces/icefaces-facelets/1.7.2/icefaces-facelets-1.7.2.jar
2014-06-29 19:39:05,055 [Worker-3] INFO  o.e.m.c.i.embedder.EclipseLogger - Installing E:\SOFT\MyEclipse\plugins\com.genuitec.eclipse.icefaces_11.0.0.me201303121759\data\1.7.2\ICEfaces-Facelets\icefaces-facelets.jar to C:\Users\Risky\.m2\repository\org\icefaces\icefaces-facelets\1.7.2\icefaces-facelets-1.7.2.jar
2014-06-29 19:39:05,477 [Worker-3] INFO  o.e.m.c.i.embedder.EclipseLogger - Installing C:\Users\Risky\AppData\Local\Temp\mvninstall5386664609498387514.pom to C:\Users\Risky\.m2\repository\org\icefaces\icefaces-facelets\1.7.2\icefaces-facelets-1.7.2.pom
2014-06-29 19:39:05,493 [Worker-3] INFO  c.n.h.c.p.n.NettyAsyncHttpProvider - Number of application's worked threads is 16
2014-06-29 19:39:05,852 [New I/O client worker #51-1] INFO  o.e.m.c.i.e.AbstractTransferListenerAdapter - Downloaded http://repo.maven.apache.org/maven2/org/icefaces/icefaces-facelets/1.7.1/icefaces-facelets-1.7.1.jar
2014-06-29 19:39:05,868 [Worker-3] INFO  o.e.m.c.i.embedder.EclipseLogger - Installing E:\SOFT\MyEclipse\plugins\com.genuitec.eclipse.icefaces_11.0.0.me201303121759\data\1.7.0\ICEfaces-Facelets\icefaces-facelets.jar to C:\Users\Risky\.m2\repository\org\icefaces\icefaces-facelets\1.7.1\icefaces-facelets-1.7.1.jar
2014-06-29 19:39:06,030 [Worker-3] INFO  o.e.m.c.i.embedder.EclipseLogger - Installing C:\Users\Risky\AppData\Local\Temp\mvninstall1064669400459102738.pom to C:\Users\Risky\.m2\repository\org\icefaces\icefaces-facelets\1.7.1\icefaces-facelets-1.7.1.pom
2014-06-29 19:39:06,049 [Worker-3] INFO  c.n.h.c.p.n.NettyAsyncHttpProvider - Number of application's worked threads is 16
2014-06-29 19:39:06,410 [New I/O client worker #52-1] INFO  o.e.m.c.i.e.AbstractTransferListenerAdapter - Downloaded http://repo.maven.apache.org/maven2/org/icefaces/icefaces-facelets/1.7.0/icefaces-facelets-1.7.0.jar
2014-06-29 19:39:06,430 [Worker-3] INFO  o.e.m.c.i.embedder.EclipseLogger - Installing E:\SOFT\MyEclipse\plugins\com.genuitec.eclipse.icefaces_11.0.0.me201303121759\data\1.7.0\ICEfaces-Facelets\icefaces-facelets.jar to C:\Users\Risky\.m2\repository\org\icefaces\icefaces-facelets\1.7.0\icefaces-facelets-1.7.0.jar
2014-06-29 19:39:06,600 [Worker-3] INFO  o.e.m.c.i.embedder.EclipseLogger - Installing C:\Users\Risky\AppData\Local\Temp\mvninstall8259692649187538821.pom to C:\Users\Risky\.m2\repository\org\icefaces\icefaces-facelets\1.7.0\icefaces-facelets-1.7.0.pom
2014-06-29 19:39:06,610 [Worker-3] INFO  c.n.h.c.p.n.NettyAsyncHttpProvider - Number of application's worked threads is 16
2014-06-29 19:39:06,980 [New I/O client worker #53-1] INFO  o.e.m.c.i.e.AbstractTransferListenerAdapter - Downloaded http://repo.maven.apache.org/maven2/org/icefaces/icefaces-facelets/1.6.2/icefaces-facelets-1.6.2.jar
2014-06-29 19:39:06,990 [Worker-3] INFO  o.e.m.c.i.embedder.EclipseLogger - Installing E:\SOFT\MyEclipse\plugins\com.genuitec.eclipse.icefaces_11.0.0.me201303121759\data\1.6.2\ICEfaces-Facelets\icefaces-facelets.jar to C:\Users\Risky\.m2\repository\org\icefaces\icefaces-facelets\1.6.2\icefaces-facelets-1.6.2.jar
2014-06-29 19:39:07,130 [Worker-3] INFO  o.e.m.c.i.embedder.EclipseLogger - Installing C:\Users\Risky\AppData\Local\Temp\mvninstall3240995532921694484.pom to C:\Users\Risky\.m2\repository\org\icefaces\icefaces-facelets\1.6.2\icefaces-facelets-1.6.2.pom
2014-06-29 19:39:07,140 [Worker-3] INFO  c.n.h.c.p.n.NettyAsyncHttpProvider - Number of application's worked threads is 16
2014-06-29 19:39:07,492 [New I/O client worker #54-1] INFO  o.e.m.c.i.e.AbstractTransferListenerAdapter - Downloaded http://repo.maven.apache.org/maven2/org/icefaces/icefaces-facelets/1.6.1/icefaces-facelets-1.6.1.jar
2014-06-29 19:39:07,539 [Worker-3] INFO  o.e.m.c.i.embedder.EclipseLogger - Installing E:\SOFT\MyEclipse\plugins\com.genuitec.eclipse.icefaces_11.0.0.me201303121759\data\1.6.1\ICEfaces-Facelets\icefaces-facelets.jar to C:\Users\Risky\.m2\repository\org\icefaces\icefaces-facelets\1.6.1\icefaces-facelets-1.6.1.jar
2014-06-29 19:39:07,649 [Worker-3] INFO  o.e.m.c.i.embedder.EclipseLogger - Installing C:\Users\Risky\AppData\Local\Temp\mvninstall1299029074699533847.pom to C:\Users\Risky\.m2\repository\org\icefaces\icefaces-facelets\1.6.1\icefaces-facelets-1.6.1.pom
2014-06-29 19:39:07,664 [Worker-3] INFO  c.n.h.c.p.n.NettyAsyncHttpProvider - Number of application's worked threads is 16
2014-06-29 19:39:08,024 [New I/O client worker #55-1] INFO  o.e.m.c.i.e.AbstractTransferListenerAdapter - Downloaded http://repo.maven.apache.org/maven2/net/sourceforge/jexcelapi/jxl/2.6.8/jxl-2.6.8.jar
2014-06-29 19:39:08,039 [Worker-3] INFO  o.e.m.c.i.embedder.EclipseLogger - Installing E:\SOFT\MyEclipse\plugins\com.genuitec.eclipse.icefaces_11.0.0.me201303121759\data\net.sourceforge.jexcelapi\jxl\2.6.8\jxl.jar to C:\Users\Risky\.m2\repository\net\sourceforge\jexcelapi\jxl\2.6.8\jxl-2.6.8.jar
2014-06-29 19:39:08,961 [Worker-3] INFO  o.e.m.c.i.embedder.EclipseLogger - Installing C:\Users\Risky\AppData\Local\Temp\mvninstall8856519362373549747.pom to C:\Users\Risky\.m2\repository\net\sourceforge\jexcelapi\jxl\2.6.8\jxl-2.6.8.pom
2014-06-29 19:39:08,961 [Worker-3] INFO  c.n.h.c.p.n.NettyAsyncHttpProvider - Number of application's worked threads is 16
2014-06-29 19:39:09,321 [New I/O client worker #56-1] INFO  o.e.m.c.i.e.AbstractTransferListenerAdapter - Downloaded http://repo.maven.apache.org/maven2/javax/activation/activation/1.0.2/activation-1.0.2.jar
2014-06-29 19:39:09,336 [Worker-3] INFO  o.e.m.c.i.embedder.EclipseLogger - Installing E:\SOFT\MyEclipse\plugins\com.genuitec.eclipse.j2eedt.core_11.0.0.me201303222027\data\libraryset\1.4\activation.jar to C:\Users\Risky\.m2\repository\javax\activation\activation\1.0.2\activation-1.0.2.jar
2014-06-29 19:39:09,805 [Worker-3] INFO  o.e.m.c.i.embedder.EclipseLogger - Installing C:\Users\Risky\AppData\Local\Temp\mvninstall6015519503224215915.pom to C:\Users\Risky\.m2\repository\javax\activation\activation\1.0.2\activation-1.0.2.pom
2014-06-29 19:39:09,821 [Worker-3] INFO  c.n.h.c.p.n.NettyAsyncHttpProvider - Number of application's worked threads is 16
2014-06-29 19:39:10,180 [New I/O client worker #57-1] INFO  o.e.m.c.i.e.AbstractTransferListenerAdapter - Downloaded http://repo.maven.apache.org/maven2/javax/mail/mail/1.3.1/mail-1.3.1.jar
2014-06-29 19:39:10,242 [Worker-3] INFO  o.e.m.c.i.embedder.EclipseLogger - Installing E:\SOFT\MyEclipse\plugins\com.genuitec.eclipse.j2eedt.core_11.0.0.me201303222027\data\libraryset\1.4\mail.jar to C:\Users\Risky\.m2\repository\javax\mail\mail\1.3.1\mail-1.3.1.jar
2014-06-29 19:39:10,805 [Worker-3] INFO  o.e.m.c.i.embedder.EclipseLogger - Installing C:\Users\Risky\AppData\Local\Temp\mvninstall7631938813847280912.pom to C:\Users\Risky\.m2\repository\javax\mail\mail\1.3.1\mail-1.3.1.pom
2014-06-29 19:39:10,805 [Worker-3] INFO  c.n.h.c.p.n.NettyAsyncHttpProvider - Number of application's worked threads is 16
2014-06-29 19:39:11,180 [New I/O client worker #58-1] INFO  o.e.m.c.i.e.AbstractTransferListenerAdapter - Downloaded http://repo.maven.apache.org/maven2/javax/xml/namespace/1.0.1/namespace-1.0.1.jar
2014-06-29 19:39:11,196 [Worker-3] INFO  o.e.m.c.i.embedder.EclipseLogger - Installing E:\SOFT\MyEclipse\plugins\com.genuitec.eclipse.j2eedt.core_11.0.0.me201303222027\data\libraryset\1.4\namespace.jar to C:\Users\Risky\.m2\repository\javax\xml\namespace\1.0.1\namespace-1.0.1.jar
2014-06-29 19:39:11,789 [Worker-3] INFO  o.e.m.c.i.embedder.EclipseLogger - Installing C:\Users\Risky\AppData\Local\Temp\mvninstall6302510881869503679.pom to C:\Users\Risky\.m2\repository\javax\xml\namespace\1.0.1\namespace-1.0.1.pom
2014-06-29 19:39:11,805 [Worker-3] INFO  c.n.h.c.p.n.NettyAsyncHttpProvider - Number of application's worked threads is 16
2014-06-29 19:39:12,180 [New I/O client worker #59-1] INFO  o.e.m.c.i.e.AbstractTransferListenerAdapter - Downloaded http://repo.maven.apache.org/maven2/javax/sql/jdbc-stdext/2.0/jdbc-stdext-2.0.jar
2014-06-29 19:39:12,211 [Worker-3] INFO  o.e.m.c.i.embedder.EclipseLogger - Installing E:\SOFT\MyEclipse\plugins\com.genuitec.eclipse.j2eedt.core_11.0.0.me201303222027\data\libraryset\JSTL1.0\lib\jdbc2_0-stdext.jar to C:\Users\Risky\.m2\repository\javax\sql\jdbc-stdext\2.0\jdbc-stdext-2.0.jar
2014-06-29 19:39:12,868 [Worker-3] INFO  o.e.m.c.i.embedder.EclipseLogger - Installing C:\Users\Risky\AppData\Local\Temp\mvninstall80498733390208911.pom to C:\Users\Risky\.m2\repository\javax\sql\jdbc-stdext\2.0\jdbc-stdext-2.0.pom
2014-06-29 19:39:12,883 [Worker-3] INFO  c.n.h.c.p.n.NettyAsyncHttpProvider - Number of application's worked threads is 16
2014-06-29 19:39:13,243 [New I/O client worker #60-1] INFO  o.e.m.c.i.e.AbstractTransferListenerAdapter - Downloaded http://repo.maven.apache.org/maven2/javax/jts/jts/1.0/jts-1.0.jar
2014-06-29 19:39:13,321 [Worker-3] INFO  o.e.m.c.i.embedder.EclipseLogger - Installing E:\SOFT\MyEclipse\plugins\com.genuitec.eclipse.j2eedt.core_11.0.0.me201303222027\data\libraryset\1.3\jts.jar to C:\Users\Risky\.m2\repository\javax\jts\jts\1.0\jts-1.0.jar
2014-06-29 19:39:13,946 [Worker-3] INFO  o.e.m.c.i.embedder.EclipseLogger - Installing C:\Users\Risky\AppData\Local\Temp\mvninstall1129264032000027086.pom to C:\Users\Risky\.m2\repository\javax\jts\jts\1.0\jts-1.0.pom
2014-06-29 19:39:13,961 [Worker-3] INFO  c.n.h.c.p.n.NettyAsyncHttpProvider - Number of application's worked threads is 16
2014-06-29 19:39:14,321 [New I/O client worker #61-1] INFO  o.e.m.c.i.e.AbstractTransferListenerAdapter - Downloaded http://repo.maven.apache.org/maven2/el-api/el-api/1.0/el-api-1.0.jar
2014-06-29 19:39:14,336 [Worker-3] INFO  o.e.m.c.i.embedder.EclipseLogger - Installing E:\SOFT\MyEclipse\configuration\org.eclipse.osgi\bundles\108\1\.cp\data\facelets\lib\el-api.jar to C:\Users\Risky\.m2\repository\el-api\el-api\1.0\el-api-1.0.jar
2014-06-29 19:39:15,008 [Worker-3] INFO  o.e.m.c.i.embedder.EclipseLogger - Installing C:\Users\Risky\AppData\Local\Temp\mvninstall2546218905084241004.pom to C:\Users\Risky\.m2\repository\el-api\el-api\1.0\el-api-1.0.pom
2014-06-29 19:39:15,024 [Worker-3] INFO  c.n.h.c.p.n.NettyAsyncHttpProvider - Number of application's worked threads is 16
2014-06-29 19:39:15,383 [New I/O client worker #62-1] INFO  o.e.m.c.i.e.AbstractTransferListenerAdapter - Downloaded http://repo.maven.apache.org/maven2/el-ri/el-ri/1.0/el-ri-1.0.jar
2014-06-29 19:39:15,399 [Worker-3] INFO  o.e.m.c.i.embedder.EclipseLogger - Installing E:\SOFT\MyEclipse\configuration\org.eclipse.osgi\bundles\108\1\.cp\data\facelets\lib\el-ri.jar to C:\Users\Risky\.m2\repository\el-ri\el-ri\1.0\el-ri-1.0.jar
2014-06-29 19:39:15,915 [Worker-3] INFO  o.e.m.c.i.embedder.EclipseLogger - Installing C:\Users\Risky\AppData\Local\Temp\mvninstall1203424536806317099.pom to C:\Users\Risky\.m2\repository\el-ri\el-ri\1.0\el-ri-1.0.pom
2014-06-29 19:39:15,930 [Worker-3] INFO  c.n.h.c.p.n.NettyAsyncHttpProvider - Number of application's worked threads is 16
2014-06-29 19:39:16,295 [New I/O client worker #63-1] INFO  o.e.m.c.i.e.AbstractTransferListenerAdapter - Downloaded http://repo.maven.apache.org/maven2/org/jboss/cache/jbosscache-core/3.1.0/jbosscache-core-3.1.0.jar
2014-06-29 19:39:16,315 [Worker-3] INFO  o.e.m.c.i.embedder.EclipseLogger - Installing E:\SOFT\MyEclipse\configuration\org.eclipse.osgi\bundles\110\1\.cp\myeclipse-data\3.3\lib\extra\jbosscache2\jbosscache-core-3.1.0.GA.jar to C:\Users\Risky\.m2\repository\org\jboss\cache\jbosscache-core\3.1.0\jbosscache-core-3.1.0.jar
2014-06-29 19:39:16,945 [Worker-3] INFO  o.e.m.c.i.embedder.EclipseLogger - Installing C:\Users\Risky\AppData\Local\Temp\mvninstall528729811999225873.pom to C:\Users\Risky\.m2\repository\org\jboss\cache\jbosscache-core\3.1.0\jbosscache-core-3.1.0.pom
2014-06-29 19:39:16,955 [Worker-3] INFO  c.n.h.c.p.n.NettyAsyncHttpProvider - Number of application's worked threads is 16
2014-06-29 19:39:17,320 [New I/O client worker #64-1] INFO  o.e.m.c.i.e.AbstractTransferListenerAdapter - Downloaded http://repo.maven.apache.org/maven2/org/eclipse/persistence/javax.persistence/2.0.1/javax.persistence-2.0.1.jar
2014-06-29 19:39:17,335 [Worker-3] INFO  o.e.m.c.i.embedder.EclipseLogger - Installing E:\SOFT\MyEclipse\configuration\org.eclipse.osgi\bundles\112\1\.cp\data\eclipselink\2.1\javax.persistence_2.0.1.v201006031150.jar to C:\Users\Risky\.m2\repository\org\eclipse\persistence\javax.persistence\2.0.1\javax.persistence-2.0.1.jar
2014-06-29 19:39:17,726 [Worker-3] INFO  o.e.m.c.i.embedder.EclipseLogger - Installing C:\Users\Risky\AppData\Local\Temp\mvninstall2624435716349880104.pom to C:\Users\Risky\.m2\repository\org\eclipse\persistence\javax.persistence\2.0.1\javax.persistence-2.0.1.pom
2014-06-29 19:39:17,726 [Worker-3] INFO  c.n.h.c.p.n.NettyAsyncHttpProvider - Number of application's worked threads is 16
2014-06-29 19:39:18,101 [New I/O client worker #65-1] INFO  o.e.m.c.i.e.AbstractTransferListenerAdapter - Downloaded http://repo.maven.apache.org/maven2/org/eclipse/persistence/eclipselink/2.1/eclipselink-2.1.jar
2014-06-29 19:39:18,117 [Worker-3] INFO  o.e.m.c.i.embedder.EclipseLogger - Installing E:\SOFT\MyEclipse\configuration\org.eclipse.osgi\bundles\112\1\.cp\data\eclipselink\2.1\eclipselink.jar to C:\Users\Risky\.m2\repository\org\eclipse\persistence\eclipselink\2.1\eclipselink-2.1.jar
2014-06-29 19:39:18,335 [Worker-3] INFO  o.e.m.c.i.embedder.EclipseLogger - Installing C:\Users\Risky\AppData\Local\Temp\mvninstall4862634619228714581.pom to C:\Users\Risky\.m2\repository\org\eclipse\persistence\eclipselink\2.1\eclipselink-2.1.pom
2014-06-29 19:39:18,351 [Worker-3] INFO  c.n.h.c.p.n.NettyAsyncHttpProvider - Number of application's worked threads is 16
2014-06-29 19:39:18,710 [New I/O client worker #66-1] INFO  o.e.m.c.i.e.AbstractTransferListenerAdapter - Downloaded http://repo.maven.apache.org/maven2/org/eclipse/persistence/eclipselink-jpa-modelgen/2.1/eclipselink-jpa-modelgen-2.1.jar
2014-06-29 19:39:18,742 [Worker-3] INFO  o.e.m.c.i.embedder.EclipseLogger - Installing E:\SOFT\MyEclipse\configuration\org.eclipse.osgi\bundles\112\1\.cp\data\eclipselink\2.1\eclipselink-jpa-modelgen_2.1.1.v20100817-r8050.jar to C:\Users\Risky\.m2\repository\org\eclipse\persistence\eclipselink-jpa-modelgen\2.1\eclipselink-jpa-modelgen-2.1.jar
2014-06-29 19:39:19,179 [Worker-3] INFO  o.e.m.c.i.embedder.EclipseLogger - Installing C:\Users\Risky\AppData\Local\Temp\mvninstall4520479092845580471.pom to C:\Users\Risky\.m2\repository\org\eclipse\persistence\eclipselink-jpa-modelgen\2.1\eclipselink-jpa-modelgen-2.1.pom
2014-06-29 19:39:19,179 [Worker-3] INFO  c.n.h.c.p.n.NettyAsyncHttpProvider - Number of application's worked threads is 16
2014-06-29 19:39:19,554 [New I/O client worker #67-1] INFO  o.e.m.c.i.e.AbstractTransferListenerAdapter - Downloaded http://repo.maven.apache.org/maven2/jexcelapi/jxl/2.6.9/jxl-2.6.9.jar
2014-06-29 19:39:19,570 [Worker-3] INFO  o.e.m.c.i.embedder.EclipseLogger - Installing E:\SOFT\MyEclipse\configuration\org.eclipse.osgi\bundles\113\1\.cp\data\2.5\lib\jexcelapi\jxl.jar to C:\Users\Risky\.m2\repository\jexcelapi\jxl\2.6.9\jxl-2.6.9.jar
2014-06-29 19:39:19,835 [Worker-3] INFO  o.e.m.c.i.embedder.EclipseLogger - Installing C:\Users\Risky\AppData\Local\Temp\mvninstall5003216605253392535.pom to C:\Users\Risky\.m2\repository\jexcelapi\jxl\2.6.9\jxl-2.6.9.pom
2014-06-29 19:39:19,851 [Worker-3] INFO  c.n.h.c.p.n.NettyAsyncHttpProvider - Number of application's worked threads is 16
2014-06-29 19:39:20,476 [New I/O client worker #68-1] INFO  o.e.m.c.i.e.AbstractTransferListenerAdapter - Downloaded http://repo.maven.apache.org/maven2/com/jamonapi/jamon/2.7/jamon-2.7.jar
2014-06-29 19:39:20,492 [Worker-3] INFO  o.e.m.c.i.embedder.EclipseLogger - Installing E:\SOFT\MyEclipse\configuration\org.eclipse.osgi\bundles\113\1\.cp\data\2.5\lib\jamon\jamon-2.7.jar to C:\Users\Risky\.m2\repository\com\jamonapi\jamon\2.7\jamon-2.7.jar
2014-06-29 19:39:20,789 [Worker-3] INFO  o.e.m.c.i.embedder.EclipseLogger - Installing C:\Users\Risky\AppData\Local\Temp\mvninstall7695811523583921991.pom to C:\Users\Risky\.m2\repository\com\jamonapi\jamon\2.7\jamon-2.7.pom
2014-06-29 19:39:20,789 [Worker-3] INFO  c.n.h.c.p.n.NettyAsyncHttpProvider - Number of application's worked threads is 16
2014-06-29 19:39:21,195 [New I/O client worker #69-1] INFO  o.e.m.c.i.e.AbstractTransferListenerAdapter - Downloaded http://repo.maven.apache.org/maven2/org/ow2/easybeans/quartz/1.6.1/quartz-1.6.1.jar
2014-06-29 19:39:21,210 [Worker-3] INFO  o.e.m.c.i.embedder.EclipseLogger - Installing E:\SOFT\MyEclipse\configuration\org.eclipse.osgi\bundles\113\1\.cp\data\2.5\lib\quartz\quartz-all-1.6.1.jar to C:\Users\Risky\.m2\repository\org\ow2\easybeans\quartz\1.6.1\quartz-1.6.1.jar
2014-06-29 19:39:21,335 [Worker-3] INFO  o.e.m.c.i.embedder.EclipseLogger - Installing C:\Users\Risky\AppData\Local\Temp\mvninstall8191753639282129495.pom to C:\Users\Risky\.m2\repository\org\ow2\easybeans\quartz\1.6.1\quartz-1.6.1.pom
2014-06-29 19:39:21,351 [Worker-3] INFO  c.n.h.c.p.n.NettyAsyncHttpProvider - Number of application's worked threads is 16
2014-06-29 19:39:21,726 [New I/O client worker #70-1] INFO  o.e.m.c.i.e.AbstractTransferListenerAdapter - Downloaded http://repo.maven.apache.org/maven2/org/springframework/javaconfig/spring-javaconfig/1.0.0.m4/spring-javaconfig-1.0.0.m4.jar
2014-06-29 19:39:21,742 [Worker-3] INFO  o.e.m.c.i.embedder.EclipseLogger - Installing E:\SOFT\MyEclipse\configuration\org.eclipse.osgi\bundles\113\1\.cp\data\javaconfig\org.springframework.config.java-1.0.0.M4.jar to C:\Users\Risky\.m2\repository\org\springframework\javaconfig\spring-javaconfig\1.0.0.m4\spring-javaconfig-1.0.0.m4.jar
2014-06-29 19:39:21,867 [Worker-3] INFO  o.e.m.c.i.embedder.EclipseLogger - Installing C:\Users\Risky\AppData\Local\Temp\mvninstall6913037175692318172.pom to C:\Users\Risky\.m2\repository\org\springframework\javaconfig\spring-javaconfig\1.0.0.m4\spring-javaconfig-1.0.0.m4.pom
2014-06-29 19:39:21,867 [Worker-3] INFO  c.n.h.c.p.n.NettyAsyncHttpProvider - Number of application's worked threads is 16
2014-06-29 19:39:22,242 [New I/O client worker #71-1] INFO  o.e.m.c.i.e.AbstractTransferListenerAdapter - Downloaded http://repo.maven.apache.org/maven2/com/bea/commonj/com.springsource.commonj/1.1.0/com.springsource.commonj-1.1.0.jar
2014-06-29 19:39:22,257 [Worker-3] INFO  o.e.m.c.i.embedder.EclipseLogger - Installing E:\SOFT\MyEclipse\configuration\org.eclipse.osgi\bundles\114\1\.cp\data\3.0\lib\misc\com.springsource.commonj-1.1.0.jar to C:\Users\Risky\.m2\repository\com\bea\commonj\com.springsource.commonj\1.1.0\com.springsource.commonj-1.1.0.jar
2014-06-29 19:39:22,398 [Worker-3] INFO  o.e.m.c.i.embedder.EclipseLogger - Installing C:\Users\Risky\AppData\Local\Temp\mvninstall6461806625469767403.pom to C:\Users\Risky\.m2\repository\com\bea\commonj\com.springsource.commonj\1.1.0\com.springsource.commonj-1.1.0.pom
2014-06-29 19:39:22,398 [Worker-3] INFO  c.n.h.c.p.n.NettyAsyncHttpProvider - Number of application's worked threads is 16
2014-06-29 19:39:22,773 [New I/O client worker #72-1] INFO  o.e.m.c.i.e.AbstractTransferListenerAdapter - Downloaded http://repo.maven.apache.org/maven2/com/opensymphony/quartz/com.springsource.org.quartz/1.6.2/com.springsource.org.quartz-1.6.2.jar
2014-06-29 19:39:22,789 [Worker-3] INFO  o.e.m.c.i.embedder.EclipseLogger - Installing E:\SOFT\MyEclipse\configuration\org.eclipse.osgi\bundles\114\1\.cp\data\3.0\lib\misc\com.springsource.org.quartz-1.6.2.jar to C:\Users\Risky\.m2\repository\com\opensymphony\quartz\com.springsource.org.quartz\1.6.2\com.springsource.org.quartz-1.6.2.jar
2014-06-29 19:39:23,242 [Worker-3] INFO  o.e.m.c.i.embedder.EclipseLogger - Installing C:\Users\Risky\AppData\Local\Temp\mvninstall3169256188505318286.pom to C:\Users\Risky\.m2\repository\com\opensymphony\quartz\com.springsource.org.quartz\1.6.2\com.springsource.org.quartz-1.6.2.pom
2014-06-29 19:39:23,257 [Worker-3] INFO  c.n.h.c.p.n.NettyAsyncHttpProvider - Number of application's worked threads is 16
2014-06-29 19:39:23,617 [New I/O client worker #73-1] INFO  o.e.m.c.i.e.AbstractTransferListenerAdapter - Downloaded http://repo.maven.apache.org/maven2/javax/jdo/jdo2-api/2.1.0/jdo2-api-2.1.0.jar
2014-06-29 19:39:23,632 [Worker-3] INFO  o.e.m.c.i.embedder.EclipseLogger - Installing E:\SOFT\MyEclipse\configuration\org.eclipse.osgi\bundles\114\1\.cp\data\3.0\lib\persistJDO\com.springsource.javax.jdo-2.1.0.jar to C:\Users\Risky\.m2\repository\javax\jdo\jdo2-api\2.1.0\jdo2-api-2.1.0.jar
2014-06-29 19:39:23,789 [Worker-3] INFO  o.e.m.c.i.embedder.EclipseLogger - Installing C:\Users\Risky\AppData\Local\Temp\mvninstall3591938458277331368.pom to C:\Users\Risky\.m2\repository\javax\jdo\jdo2-api\2.1.0\jdo2-api-2.1.0.pom
2014-06-29 19:39:23,804 [Worker-3] INFO  c.n.h.c.p.n.NettyAsyncHttpProvider - Number of application's worked threads is 16
2014-06-29 19:39:24,179 [New I/O client worker #74-1] INFO  o.e.m.c.i.e.AbstractTransferListenerAdapter - Downloaded http://repo.maven.apache.org/maven2/com/caucho/com.springsource.com.caucho/3.2.1/com.springsource.com.caucho-3.2.1.jar
2014-06-29 19:39:24,195 [Worker-3] INFO  o.e.m.c.i.embedder.EclipseLogger - Installing E:\SOFT\MyEclipse\configuration\org.eclipse.osgi\bundles\114\1\.cp\data\3.0\lib\remoting\com.springsource.com.caucho-3.2.1.jar to C:\Users\Risky\.m2\repository\com\caucho\com.springsource.com.caucho\3.2.1\com.springsource.com.caucho-3.2.1.jar
2014-06-29 19:39:24,867 [Worker-3] INFO  o.e.m.c.i.embedder.EclipseLogger - Installing C:\Users\Risky\AppData\Local\Temp\mvninstall1002991868032952084.pom to C:\Users\Risky\.m2\repository\com\caucho\com.springsource.com.caucho\3.2.1\com.springsource.com.caucho-3.2.1.pom
2014-06-29 19:39:24,883 [Worker-3] INFO  c.n.h.c.p.n.NettyAsyncHttpProvider - Number of application's worked threads is 16
2014-06-29 19:39:25,242 [New I/O client worker #75-1] INFO  o.e.m.c.i.e.AbstractTransferListenerAdapter - Downloaded http://repo.maven.apache.org/maven2/org/codehaus/jackson/com.springsource.org.codehaus.jackson.mapper/1.0.0/com.springsource.org.codehaus.jackson.mapper-1.0.0.jar
2014-06-29 19:39:25,258 [Worker-3] INFO  o.e.m.c.i.embedder.EclipseLogger - Installing E:\SOFT\MyEclipse\configuration\org.eclipse.osgi\bundles\114\1\.cp\data\3.0\lib\web\com.springsource.org.codehaus.jackson.mapper-1.0.0.jar to C:\Users\Risky\.m2\repository\org\codehaus\jackson\com.springsource.org.codehaus.jackson.mapper\1.0.0\com.springsource.org.codehaus.jackson.mapper-1.0.0.jar
2014-06-29 19:39:25,429 [Worker-3] INFO  o.e.m.c.i.embedder.EclipseLogger - Installing C:\Users\Risky\AppData\Local\Temp\mvninstall820337155835998546.pom to C:\Users\Risky\.m2\repository\org\codehaus\jackson\com.springsource.org.codehaus.jackson.mapper\1.0.0\com.springsource.org.codehaus.jackson.mapper-1.0.0.pom
2014-06-29 19:39:25,429 [Worker-3] INFO  c.n.h.c.p.n.NettyAsyncHttpProvider - Number of application's worked threads is 16
2014-06-29 19:39:25,804 [New I/O client worker #76-1] INFO  o.e.m.c.i.e.AbstractTransferListenerAdapter - Downloaded http://repo.maven.apache.org/maven2/org/junit/com.springsource.org.junit/4.7.0/com.springsource.org.junit-4.7.0.jar
2014-06-29 19:39:25,820 [Worker-3] INFO  o.e.m.c.i.embedder.EclipseLogger - Installing E:\SOFT\MyEclipse\configuration\org.eclipse.osgi\bundles\114\1\.cp\data\3.0\lib\test\com.springsource.org.junit-4.7.0.jar to C:\Users\Risky\.m2\repository\org\junit\com.springsource.org.junit\4.7.0\com.springsource.org.junit-4.7.0.jar
2014-06-29 19:39:25,976 [Worker-3] INFO  o.e.m.c.i.embedder.EclipseLogger - Installing C:\Users\Risky\AppData\Local\Temp\mvninstall8263288474897791630.pom to C:\Users\Risky\.m2\repository\org\junit\com.springsource.org.junit\4.7.0\com.springsource.org.junit-4.7.0.pom
2014-06-29 19:39:25,992 [Worker-3] INFO  c.n.h.c.p.n.NettyAsyncHttpProvider - Number of application's worked threads is 16
2014-06-29 19:39:26,350 [New I/O client worker #77-1] INFO  o.e.m.c.i.e.AbstractTransferListenerAdapter - Downloaded http://repo.maven.apache.org/maven2/javax/inject/com.springsource.javax.inject/1.0.0/com.springsource.javax.inject-1.0.0.jar
2014-06-29 19:39:26,370 [Worker-3] INFO  o.e.m.c.i.embedder.EclipseLogger - Installing E:\SOFT\MyEclipse\configuration\org.eclipse.osgi\bundles\114\1\.cp\data\3.0\lib\test\com.springsource.javax.inject-1.0.0.jar to C:\Users\Risky\.m2\repository\javax\inject\com.springsource.javax.inject\1.0.0\com.springsource.javax.inject-1.0.0.jar
2014-06-29 19:39:26,550 [Worker-3] INFO  o.e.m.c.i.embedder.EclipseLogger - Installing C:\Users\Risky\AppData\Local\Temp\mvninstall5341109890661095042.pom to C:\Users\Risky\.m2\repository\javax\inject\com.springsource.javax.inject\1.0.0\com.springsource.javax.inject-1.0.0.pom
2014-06-29 19:39:26,560 [Worker-3] INFO  c.n.h.c.p.n.NettyAsyncHttpProvider - Number of application's worked threads is 16
2014-06-29 19:39:26,930 [New I/O client worker #78-1] INFO  o.e.m.c.i.e.AbstractTransferListenerAdapter - Downloaded http://repo.maven.apache.org/maven2/org/apache/commons/com.springsource.org.apache.commons.lang/2.4.0/com.springsource.org.apache.commons.lang-2.4.0.jar
2014-06-29 19:39:26,950 [Worker-3] INFO  o.e.m.c.i.embedder.EclipseLogger - Installing E:\SOFT\MyEclipse\configuration\org.eclipse.osgi\bundles\114\1\.cp\data\3.0\lib\persistJdbc\com.springsource.org.apache.commons.lang-2.4.0.jar to C:\Users\Risky\.m2\repository\org\apache\commons\com.springsource.org.apache.commons.lang\2.4.0\com.springsource.org.apache.commons.lang-2.4.0.jar
2014-06-29 19:39:27,280 [Worker-3] INFO  o.e.m.c.i.embedder.EclipseLogger - Installing C:\Users\Risky\AppData\Local\Temp\mvninstall3331040624248072031.pom to C:\Users\Risky\.m2\repository\org\apache\commons\com.springsource.org.apache.commons.lang\2.4.0\com.springsource.org.apache.commons.lang-2.4.0.pom
2014-06-29 19:39:27,290 [Worker-3] INFO  c.n.h.c.p.n.NettyAsyncHttpProvider - Number of application's worked threads is 16
2014-06-29 19:39:27,664 [New I/O client worker #79-1] INFO  o.e.m.c.i.e.AbstractTransferListenerAdapter - Downloaded http://repo.maven.apache.org/maven2/jdo/jdori/1.0.1/jdori-1.0.1.jar
2014-06-29 19:39:27,679 [Worker-3] INFO  o.e.m.c.i.embedder.EclipseLogger - Installing E:\SOFT\MyEclipse\configuration\org.eclipse.osgi\bundles\117\1\.cp\dependencies\jdori-1.0.1.jar to C:\Users\Risky\.m2\repository\jdo\jdori\1.0.1\jdori-1.0.1.jar
2014-06-29 19:39:28,039 [Worker-3] INFO  o.e.m.c.i.embedder.EclipseLogger - Installing C:\Users\Risky\AppData\Local\Temp\mvninstall2198930979236247277.pom to C:\Users\Risky\.m2\repository\jdo\jdori\1.0.1\jdori-1.0.1.pom
2014-06-29 19:39:28,054 [Worker-3] INFO  c.n.h.c.p.n.NettyAsyncHttpProvider - Number of application's worked threads is 16
2014-06-29 19:39:28,414 [New I/O client worker #80-1] INFO  o.e.m.c.i.e.AbstractTransferListenerAdapter - Downloaded http://repo.maven.apache.org/maven2/org/eclipse/persistence/eclipselink/1.0.2/eclipselink-1.0.2.jar
2014-06-29 19:39:28,414 [Worker-3] INFO  o.e.m.c.i.embedder.EclipseLogger - Installing E:\SOFT\MyEclipse\configuration\org.eclipse.osgi\bundles\128\1\.cp\data\eclipselink\1.0\eclipselink.jar to C:\Users\Risky\.m2\repository\org\eclipse\persistence\eclipselink\1.0.2\eclipselink-1.0.2.jar
2014-06-29 19:39:28,601 [Worker-3] INFO  o.e.m.c.i.embedder.EclipseLogger - Installing C:\Users\Risky\AppData\Local\Temp\mvninstall554512922995735862.pom to C:\Users\Risky\.m2\repository\org\eclipse\persistence\eclipselink\1.0.2\eclipselink-1.0.2.pom
2014-06-29 19:39:28,617 [Worker-3] INFO  c.n.h.c.p.n.NettyAsyncHttpProvider - Number of application's worked threads is 16
2014-06-29 19:39:28,976 [New I/O client worker #81-1] INFO  o.e.m.c.i.e.AbstractTransferListenerAdapter - Downloaded http://repo.maven.apache.org/maven2/org/eclipse/persistence/javax.persistence/1.0.0/javax.persistence-1.0.0.jar
2014-06-29 19:39:28,992 [Worker-3] INFO  o.e.m.c.i.embedder.EclipseLogger - Installing E:\SOFT\MyEclipse\configuration\org.eclipse.osgi\bundles\128\1\.cp\data\eclipselink\1.0\javax.persistence_1.0.0.jar to C:\Users\Risky\.m2\repository\org\eclipse\persistence\javax.persistence\1.0.0\javax.persistence-1.0.0.jar
2014-06-29 19:39:29,164 [Worker-3] INFO  o.e.m.c.i.embedder.EclipseLogger - Installing C:\Users\Risky\AppData\Local\Temp\mvninstall2248134645706181511.pom to C:\Users\Risky\.m2\repository\org\eclipse\persistence\javax.persistence\1.0.0\javax.persistence-1.0.0.pom
2014-06-29 19:39:29,179 [Worker-3] INFO  c.n.h.c.p.n.NettyAsyncHttpProvider - Number of application's worked threads is 16
2014-06-29 19:39:29,648 [New I/O client worker #82-1] INFO  o.e.m.c.i.e.AbstractTransferListenerAdapter - Downloaded http://repo.maven.apache.org/maven2/myeclipse/pluto-taglib/1.0.1/pluto-taglib-1.0.1.jar
2014-06-29 19:39:29,695 [Worker-3] INFO  o.e.m.c.i.embedder.EclipseLogger - Installing E:\SOFT\MyEclipse\configuration\org.eclipse.osgi\bundles\129\1\.cp\data\lib\jsr168\pluto-taglib-1.0.1.jar to C:\Users\Risky\.m2\repository\myeclipse\pluto-taglib\1.0.1\pluto-taglib-1.0.1.jar
2014-06-29 19:39:30,211 [Worker-3] INFO  o.e.m.c.i.embedder.EclipseLogger - Installing C:\Users\Risky\AppData\Local\Temp\mvninstall710804286908809963.pom to C:\Users\Risky\.m2\repository\myeclipse\pluto-taglib\1.0.1\pluto-taglib-1.0.1.pom
2014-06-29 19:39:30,226 [Worker-3] INFO  c.n.h.c.p.n.NettyAsyncHttpProvider - Number of application's worked threads is 16
2014-06-29 19:39:30,664 [New I/O client worker #83-1] INFO  o.e.m.c.i.e.AbstractTransferListenerAdapter - Downloaded http://repo.maven.apache.org/maven2/myeclipse/pluto-taglib/2.0/pluto-taglib-2.0.jar
2014-06-29 19:39:30,679 [Worker-3] INFO  o.e.m.c.i.embedder.EclipseLogger - Installing E:\SOFT\MyEclipse\configuration\org.eclipse.osgi\bundles\129\1\.cp\data\lib\jsr286\pluto-taglib-2.0.0.jar to C:\Users\Risky\.m2\repository\myeclipse\pluto-taglib\2.0\pluto-taglib-2.0.jar
2014-06-29 19:39:31,070 [Worker-3] INFO  o.e.m.c.i.embedder.EclipseLogger - Installing C:\Users\Risky\AppData\Local\Temp\mvninstall3168731987085383992.pom to C:\Users\Risky\.m2\repository\myeclipse\pluto-taglib\2.0\pluto-taglib-2.0.pom
2014-06-29 19:39:31,086 [Worker-3] INFO  c.n.h.c.p.n.NettyAsyncHttpProvider - Number of application's worked threads is 16
2014-06-29 19:39:31,554 [New I/O client worker #84-1] INFO  o.e.m.c.i.e.AbstractTransferListenerAdapter - Downloaded http://repo.maven.apache.org/maven2/myeclipse-reports/chartengineapi/2.2.0/chartengineapi-2.2.0.jar
2014-06-29 19:39:31,586 [Worker-3] INFO  o.e.m.c.i.embedder.EclipseLogger - Installing E:\SOFT\MyEclipse\configuration\org.eclipse.osgi\bundles\130\1\.cp\data\2.2\chartengineapi.jar to C:\Users\Risky\.m2\repository\myeclipse-reports\chartengineapi\2.2.0\chartengineapi-2.2.0.jar
2014-06-29 19:39:31,992 [Worker-3] INFO  o.e.m.c.i.embedder.EclipseLogger - Installing C:\Users\Risky\AppData\Local\Temp\mvninstall8348612898402939545.pom to C:\Users\Risky\.m2\repository\myeclipse-reports\chartengineapi\2.2.0\chartengineapi-2.2.0.pom
2014-06-29 19:39:32,007 [Worker-3] INFO  c.n.h.c.p.n.NettyAsyncHttpProvider - Number of application's worked threads is 16
2014-06-29 19:39:32,429 [New I/O client worker #85-1] INFO  o.e.m.c.i.e.AbstractTransferListenerAdapter - Downloaded http://repo.maven.apache.org/maven2/myeclipse-reports/coreapi/2.2.0/coreapi-2.2.0.jar
2014-06-29 19:39:32,445 [Worker-3] INFO  o.e.m.c.i.embedder.EclipseLogger - Installing E:\SOFT\MyEclipse\configuration\org.eclipse.osgi\bundles\130\1\.cp\data\2.2\coreapi.jar to C:\Users\Risky\.m2\repository\myeclipse-reports\coreapi\2.2.0\coreapi-2.2.0.jar
2014-06-29 19:39:32,586 [Worker-3] INFO  o.e.m.c.i.embedder.EclipseLogger - Installing C:\Users\Risky\AppData\Local\Temp\mvninstall3195640662050199222.pom to C:\Users\Risky\.m2\repository\myeclipse-reports\coreapi\2.2.0\coreapi-2.2.0.pom
2014-06-29 19:39:32,601 [Worker-3] INFO  c.n.h.c.p.n.NettyAsyncHttpProvider - Number of application's worked threads is 16
2014-06-29 19:39:33,101 [New I/O client worker #86-1] INFO  o.e.m.c.i.e.AbstractTransferListenerAdapter - Downloaded http://repo.maven.apache.org/maven2/myeclipse-reports/dataadapterapi/2.2.0/dataadapterapi-2.2.0.jar
2014-06-29 19:39:33,117 [Worker-3] INFO  o.e.m.c.i.embedder.EclipseLogger - Installing E:\SOFT\MyEclipse\configuration\org.eclipse.osgi\bundles\130\1\.cp\data\2.2\dataadapterapi.jar to C:\Users\Risky\.m2\repository\myeclipse-reports\dataadapterapi\2.2.0\dataadapterapi-2.2.0.jar
2014-06-29 19:39:33,273 [Worker-3] INFO  o.e.m.c.i.embedder.EclipseLogger - Installing C:\Users\Risky\AppData\Local\Temp\mvninstall3851438984742732607.pom to C:\Users\Risky\.m2\repository\myeclipse-reports\dataadapterapi\2.2.0\dataadapterapi-2.2.0.pom
2014-06-29 19:39:33,273 [Worker-3] INFO  c.n.h.c.p.n.NettyAsyncHttpProvider - Number of application's worked threads is 16
2014-06-29 19:39:33,726 [New I/O client worker #87-1] INFO  o.e.m.c.i.e.AbstractTransferListenerAdapter - Downloaded http://repo.maven.apache.org/maven2/myeclipse-reports/dteapi/2.2.0/dteapi-2.2.0.jar
2014-06-29 19:39:33,742 [Worker-3] INFO  o.e.m.c.i.embedder.EclipseLogger - Installing E:\SOFT\MyEclipse\configuration\org.eclipse.osgi\bundles\130\1\.cp\data\2.2\dteapi.jar to C:\Users\Risky\.m2\repository\myeclipse-reports\dteapi\2.2.0\dteapi-2.2.0.jar
2014-06-29 19:39:34,023 [Worker-3] INFO  o.e.m.c.i.embedder.EclipseLogger - Installing C:\Users\Risky\AppData\Local\Temp\mvninstall5239826152879611085.pom to C:\Users\Risky\.m2\repository\myeclipse-reports\dteapi\2.2.0\dteapi-2.2.0.pom
2014-06-29 19:39:34,023 [Worker-3] INFO  c.n.h.c.p.n.NettyAsyncHttpProvider - Number of application's worked threads is 16
2014-06-29 19:39:34,554 [New I/O client worker #88-1] INFO  o.e.m.c.i.e.AbstractTransferListenerAdapter - Downloaded http://repo.maven.apache.org/maven2/myeclipse-reports/engineapi/2.2.0/engineapi-2.2.0.jar
2014-06-29 19:39:34,570 [Worker-3] INFO  o.e.m.c.i.embedder.EclipseLogger - Installing E:\SOFT\MyEclipse\configuration\org.eclipse.osgi\bundles\130\1\.cp\data\2.2\engineapi.jar to C:\Users\Risky\.m2\repository\myeclipse-reports\engineapi\2.2.0\engineapi-2.2.0.jar
2014-06-29 19:39:34,726 [Worker-3] INFO  o.e.m.c.i.embedder.EclipseLogger - Installing C:\Users\Risky\AppData\Local\Temp\mvninstall5171758708884714735.pom to C:\Users\Risky\.m2\repository\myeclipse-reports\engineapi\2.2.0\engineapi-2.2.0.pom
2014-06-29 19:39:34,742 [Worker-3] INFO  c.n.h.c.p.n.NettyAsyncHttpProvider - Number of application's worked threads is 16
2014-06-29 19:39:35,289 [New I/O client worker #89-1] INFO  o.e.m.c.i.e.AbstractTransferListenerAdapter - Downloaded http://repo.maven.apache.org/maven2/myeclipse-reports/modelapi/2.2.0/modelapi-2.2.0.jar
2014-06-29 19:39:35,305 [Worker-3] INFO  o.e.m.c.i.embedder.EclipseLogger - Installing E:\SOFT\MyEclipse\configuration\org.eclipse.osgi\bundles\130\1\.cp\data\2.2\modelapi.jar to C:\Users\Risky\.m2\repository\myeclipse-reports\modelapi\2.2.0\modelapi-2.2.0.jar
2014-06-29 19:39:35,555 [Worker-3] INFO  o.e.m.c.i.embedder.EclipseLogger - Installing C:\Users\Risky\AppData\Local\Temp\mvninstall3222878402527858825.pom to C:\Users\Risky\.m2\repository\myeclipse-reports\modelapi\2.2.0\modelapi-2.2.0.pom
2014-06-29 19:39:35,570 [Worker-3] INFO  c.n.h.c.p.n.NettyAsyncHttpProvider - Number of application's worked threads is 16
2014-06-29 19:39:36,106 [New I/O client worker #90-1] INFO  o.e.m.c.i.e.AbstractTransferListenerAdapter - Downloaded http://repo.maven.apache.org/maven2/myeclipse-reports/scriptapi/2.2.0/scriptapi-2.2.0.jar
2014-06-29 19:39:36,116 [Worker-3] INFO  o.e.m.c.i.embedder.EclipseLogger - Installing E:\SOFT\MyEclipse\configuration\org.eclipse.osgi\bundles\130\1\.cp\data\2.2\scriptapi.jar to C:\Users\Risky\.m2\repository\myeclipse-reports\scriptapi\2.2.0\scriptapi-2.2.0.jar
2014-06-29 19:39:36,256 [Worker-3] INFO  o.e.m.c.i.embedder.EclipseLogger - Installing C:\Users\Risky\AppData\Local\Temp\mvninstall1430153045754668985.pom to C:\Users\Risky\.m2\repository\myeclipse-reports\scriptapi\2.2.0\scriptapi-2.2.0.pom
2014-06-29 19:39:36,286 [Worker-3] INFO  c.n.h.c.p.n.NettyAsyncHttpProvider - Number of application's worked threads is 16
2014-06-29 19:39:36,786 [New I/O client worker #91-1] INFO  o.e.m.c.i.e.AbstractTransferListenerAdapter - Downloaded http://repo.maven.apache.org/maven2/myeclipse-reports/viewservlets/2.2.0/viewservlets-2.2.0.jar
2014-06-29 19:39:36,806 [Worker-3] INFO  o.e.m.c.i.embedder.EclipseLogger - Installing E:\SOFT\MyEclipse\configuration\org.eclipse.osgi\bundles\130\1\.cp\data\2.2\viewservlets.jar to C:\Users\Risky\.m2\repository\myeclipse-reports\viewservlets\2.2.0\viewservlets-2.2.0.jar
2014-06-29 19:39:37,286 [Worker-3] INFO  o.e.m.c.i.embedder.EclipseLogger - Installing C:\Users\Risky\AppData\Local\Temp\mvninstall5779653150163451075.pom to C:\Users\Risky\.m2\repository\myeclipse-reports\viewservlets\2.2.0\viewservlets-2.2.0.pom
2014-06-29 19:39:37,296 [Worker-3] INFO  c.n.h.c.p.n.NettyAsyncHttpProvider - Number of application's worked threads is 16
2014-06-29 19:39:37,805 [New I/O client worker #92-1] INFO  o.e.m.c.i.e.AbstractTransferListenerAdapter - Downloaded http://repo.maven.apache.org/maven2/myeclipse/flute/1.0/flute-1.0.jar
2014-06-29 19:39:37,821 [Worker-3] INFO  o.e.m.c.i.embedder.EclipseLogger - Installing E:\SOFT\MyEclipse\configuration\org.eclipse.osgi\bundles\130\1\.cp\data\2.2\flute.jar to C:\Users\Risky\.m2\repository\myeclipse\flute\1.0\flute-1.0.jar
2014-06-29 19:39:37,946 [Worker-3] INFO  o.e.m.c.i.embedder.EclipseLogger - Installing C:\Users\Risky\AppData\Local\Temp\mvninstall954083391453554354.pom to C:\Users\Risky\.m2\repository\myeclipse\flute\1.0\flute-1.0.pom
2014-06-29 19:39:37,962 [Worker-3] INFO  c.n.h.c.p.n.NettyAsyncHttpProvider - Number of application's worked threads is 16
2014-06-29 19:39:38,399 [New I/O client worker #93-1] INFO  o.e.m.c.i.e.AbstractTransferListenerAdapter - Downloaded http://repo.maven.apache.org/maven2/myeclipse/org.eclipse.emf.common/2.2.1/org.eclipse.emf.common-2.2.1.jar
2014-06-29 19:39:38,415 [Worker-3] INFO  o.e.m.c.i.embedder.EclipseLogger - Installing E:\SOFT\MyEclipse\configuration\org.eclipse.osgi\bundles\130\1\.cp\data\2.2\org.eclipse.emf.common_2.2.1.v200702131851.jar to C:\Users\Risky\.m2\repository\myeclipse\org.eclipse.emf.common\2.2.1\org.eclipse.emf.common-2.2.1.jar
2014-06-29 19:39:38,649 [Worker-3] INFO  o.e.m.c.i.embedder.EclipseLogger - Installing C:\Users\Risky\AppData\Local\Temp\mvninstall7666124696063256595.pom to C:\Users\Risky\.m2\repository\myeclipse\org.eclipse.emf.common\2.2.1\org.eclipse.emf.common-2.2.1.pom
2014-06-29 19:39:38,649 [Worker-3] INFO  c.n.h.c.p.n.NettyAsyncHttpProvider - Number of application's worked threads is 16
2014-06-29 19:39:39,180 [New I/O client worker #94-1] INFO  o.e.m.c.i.e.AbstractTransferListenerAdapter - Downloaded http://repo.maven.apache.org/maven2/myeclipse/org.eclipse.emf.ecore/2.2.2/org.eclipse.emf.ecore-2.2.2.jar
2014-06-29 19:39:39,196 [Worker-3] INFO  o.e.m.c.i.embedder.EclipseLogger - Installing E:\SOFT\MyEclipse\configuration\org.eclipse.osgi\bundles\130\1\.cp\data\2.2\org.eclipse.emf.ecore_2.2.2.v200702131851.jar to C:\Users\Risky\.m2\repository\myeclipse\org.eclipse.emf.ecore\2.2.2\org.eclipse.emf.ecore-2.2.2.jar
2014-06-29 19:39:39,383 [Worker-3] INFO  o.e.m.c.i.embedder.EclipseLogger - Installing C:\Users\Risky\AppData\Local\Temp\mvninstall2710538747628289685.pom to C:\Users\Risky\.m2\repository\myeclipse\org.eclipse.emf.ecore\2.2.2\org.eclipse.emf.ecore-2.2.2.pom
2014-06-29 19:39:39,383 [Worker-3] INFO  c.n.h.c.p.n.NettyAsyncHttpProvider - Number of application's worked threads is 16
2014-06-29 19:39:39,899 [New I/O client worker #95-1] INFO  o.e.m.c.i.e.AbstractTransferListenerAdapter - Downloaded http://repo.maven.apache.org/maven2/myeclipse/org.eclipse.emf.ecore.xmi/2.2.2/org.eclipse.emf.ecore.xmi-2.2.2.jar
2014-06-29 19:39:39,915 [Worker-3] INFO  o.e.m.c.i.embedder.EclipseLogger - Installing E:\SOFT\MyEclipse\configuration\org.eclipse.osgi\bundles\130\1\.cp\data\2.2\org.eclipse.emf.ecore.xmi_2.2.2.v200702131851.jar to C:\Users\Risky\.m2\repository\myeclipse\org.eclipse.emf.ecore.xmi\2.2.2\org.eclipse.emf.ecore.xmi-2.2.2.jar
2014-06-29 19:39:40,118 [Worker-3] INFO  o.e.m.c.i.embedder.EclipseLogger - Installing C:\Users\Risky\AppData\Local\Temp\mvninstall7313370980445060413.pom to C:\Users\Risky\.m2\repository\myeclipse\org.eclipse.emf.ecore.xmi\2.2.2\org.eclipse.emf.ecore.xmi-2.2.2.pom
2014-06-29 19:39:40,118 [Worker-3] INFO  c.n.h.c.p.n.NettyAsyncHttpProvider - Number of application's worked threads is 16
2014-06-29 19:39:40,634 [New I/O client worker #96-1] INFO  o.e.m.c.i.e.AbstractTransferListenerAdapter - Downloaded http://repo.maven.apache.org/maven2/myeclipse-reports/chartengineapi/2.3.0/chartengineapi-2.3.0.jar
2014-06-29 19:39:43,868 [Worker-2] ERROR o.e.m.c.i.i.nexus.NexusIndexManager - Unable to update index for central|http://repo.maven.apache.org/maven2
java.io.IOException: null
	at org.eclipse.m2e.core.internal.index.nexus.AsyncFetcher$PipedErrorInputStream.checkError(AsyncFetcher.java:252) ~[org.eclipse.m2e.core_1.2.0.me201302030338.jar:na]
	at org.eclipse.m2e.core.internal.index.nexus.AsyncFetcher$PipedErrorInputStream.read(AsyncFetcher.java:260) ~[org.eclipse.m2e.core_1.2.0.me201302030338.jar:na]
	at java.io.PipedInputStream.read(PipedInputStream.java:361) ~[na:1.6.0_43]
	at java.io.InputStream.read(InputStream.java:82) ~[na:1.6.0_43]
	at org.codehaus.plexus.util.IOUtil.copy(IOUtil.java:188) ~[plexus-utils-2.0.6.jar:na]
	at org.codehaus.plexus.util.IOUtil.copy(IOUtil.java:174) ~[plexus-utils-2.0.6.jar:na]
	at org.codehaus.plexus.util.FileUtils.copyStreamToFile(FileUtils.java:1143) ~[plexus-utils-2.0.6.jar:na]
	at org.apache.maven.index.updater.DefaultIndexUpdater$LocalCacheIndexAdaptor.setIndexFile(DefaultIndexUpdater.java:700) ~[indexer-core-3.1.0.jar:3.1.0]
	at org.apache.maven.index.updater.DefaultIndexUpdater.fetchAndUpdateIndex(DefaultIndexUpdater.java:844) ~[indexer-core-3.1.0.jar:3.1.0]
	at org.apache.maven.index.updater.DefaultIndexUpdater.fetchAndUpdateIndex(DefaultIndexUpdater.java:135) ~[indexer-core-3.1.0.jar:3.1.0]
	at org.eclipse.m2e.core.internal.index.nexus.NexusIndexManager.updateRemoteIndex(NexusIndexManager.java:1235) [org.eclipse.m2e.core_1.2.0.me201302030338.jar:na]
	at org.eclipse.m2e.core.internal.index.nexus.NexusIndexManager.updateIndex(NexusIndexManager.java:1190) [org.eclipse.m2e.core_1.2.0.me201302030338.jar:na]
	at org.eclipse.m2e.core.internal.index.nexus.NexusIndexManager$1.run(NexusIndexManager.java:705) [org.eclipse.m2e.core_1.2.0.me201302030338.jar:na]
	at org.eclipse.m2e.core.internal.index.nexus.IndexUpdaterJob.run(IndexUpdaterJob.java:71) [org.eclipse.m2e.core_1.2.0.me201302030338.jar:na]
	at org.eclipse.core.internal.jobs.Worker.run(Worker.java:54) [org.eclipse.core.jobs_3.5.200.v20120521-2346.jar:na]
java.util.concurrent.CancellationException: null
	at com.ning.http.client.providers.netty.NettyResponseFuture.cancel(NettyResponseFuture.java:154) ~[na:na]
	at org.eclipse.m2e.core.internal.index.nexus.AsyncFetcher.cancel(AsyncFetcher.java:93) ~[na:na]
	at org.eclipse.m2e.core.internal.index.nexus.AsyncFetcher$MonitorListener.checkCancelled(AsyncFetcher.java:275) ~[na:na]
	at org.eclipse.m2e.core.internal.index.nexus.AsyncFetcher$MonitorListener.onStatus(AsyncFetcher.java:280) ~[na:na]
	at com.ning.http.client.SimpleAsyncHttpClient$BodyConsumerAsyncHandler.fireStatus(SimpleAsyncHttpClient.java:828) ~[na:na]
	at com.ning.http.client.SimpleAsyncHttpClient$BodyConsumerAsyncHandler.onStatusReceived(SimpleAsyncHttpClient.java:779) ~[na:na]
	at com.ning.http.client.providers.netty.NettyAsyncHttpProvider.updateStatusAndInterrupt(NettyAsyncHttpProvider.java:1587) ~[na:na]
	at com.ning.http.client.providers.netty.NettyAsyncHttpProvider.messageReceived(NettyAsyncHttpProvider.java:1242) ~[na:na]
	at org.jboss.netty.channel.SimpleChannelUpstreamHandler.handleUpstream(SimpleChannelUpstreamHandler.java:80) ~[na:na]
	at org.jboss.netty.channel.DefaultChannelPipeline.sendUpstream(DefaultChannelPipeline.java:564) ~[na:na]
	at org.jboss.netty.channel.DefaultChannelPipeline$DefaultChannelHandlerContext.sendUpstream(DefaultChannelPipeline.java:783) ~[na:na]
	at org.jboss.netty.handler.stream.ChunkedWriteHandler.handleUpstream(ChunkedWriteHandler.java:149) ~[na:na]
	at org.jboss.netty.channel.DefaultChannelPipeline.sendUpstream(DefaultChannelPipeline.java:564) ~[na:na]
	at org.jboss.netty.channel.DefaultChannelPipeline$DefaultChannelHandlerContext.sendUpstream(DefaultChannelPipeline.java:783) ~[na:na]
	at org.jboss.netty.handler.codec.http.HttpContentDecoder.messageReceived(HttpContentDecoder.java:104) ~[na:na]
	at org.jboss.netty.channel.SimpleChannelUpstreamHandler.handleUpstream(SimpleChannelUpstreamHandler.java:80) ~[na:na]
	at org.jboss.netty.channel.DefaultChannelPipeline.sendUpstream(DefaultChannelPipeline.java:564) ~[na:na]
	at org.jboss.netty.channel.DefaultChannelPipeline$DefaultChannelHandlerContext.sendUpstream(DefaultChannelPipeline.java:783) ~[na:na]
	at org.jboss.netty.channel.Channels.fireMessageReceived(Channels.java:302) ~[na:na]
	at org.jboss.netty.handler.codec.replay.ReplayingDecoder.unfoldAndFireMessageReceived(ReplayingDecoder.java:522) ~[na:na]
	at org.jboss.netty.handler.codec.replay.ReplayingDecoder.callDecode(ReplayingDecoder.java:506) ~[na:na]
	at org.jboss.netty.handler.codec.replay.ReplayingDecoder.messageReceived(ReplayingDecoder.java:443) ~[na:na]
	at org.jboss.netty.channel.SimpleChannelUpstreamHandler.handleUpstream(SimpleChannelUpstreamHandler.java:80) ~[na:na]
	at org.jboss.netty.handler.codec.http.HttpClientCodec.handleUpstream(HttpClientCodec.java:77) ~[na:na]
	at org.jboss.netty.channel.DefaultChannelPipeline.sendUpstream(DefaultChannelPipeline.java:564) ~[na:na]
	at org.jboss.netty.channel.DefaultChannelPipeline.sendUpstream(DefaultChannelPipeline.java:559) ~[na:na]
	at org.jboss.netty.channel.Channels.fireMessageReceived(Channels.java:274) ~[na:na]
	at org.jboss.netty.channel.Channels.fireMessageReceived(Channels.java:261) ~[na:na]
	at org.jboss.netty.channel.socket.nio.NioWorker.read(NioWorker.java:349) ~[na:na]
	at org.jboss.netty.channel.socket.nio.NioWorker.processSelectedKeys(NioWorker.java:280) ~[na:na]
	at org.jboss.netty.channel.socket.nio.NioWorker.run(NioWorker.java:200) ~[na:na]
	at org.jboss.netty.util.ThreadRenamingRunnable.run(ThreadRenamingRunnable.java:108) ~[na:na]
	at org.jboss.netty.util.internal.DeadLockProofWorker$1.run(DeadLockProofWorker.java:44) ~[na:na]
	at java.util.concurrent.ThreadPoolExecutor$Worker.runTask(ThreadPoolExecutor.java:895) ~[na:1.6.0_43]
	at java.util.concurrent.ThreadPoolExecutor$Worker.run(ThreadPoolExecutor.java:918) ~[na:1.6.0_43]
	at java.lang.Thread.run(Thread.java:662) ~[na:1.6.0_43]
